[2026-03-01 00:45:52] ================================================================================
[2026-03-01 00:45:52]   QGINE v10 — STARTUP
[2026-03-01 00:45:52] ================================================================================
[2026-03-01 00:45:52]   exp_name   : qgine_v10_full_20260301_004549
[2026-03-01 00:45:52]   target_idx : 0
[2026-03-01 00:45:52]   split_seed : 0  train_seed: 2
[2026-03-01 00:45:52]   Device     : cuda
[2026-03-01 00:45:53]   GPU        : NVIDIA GeForce RTX 4090
[2026-03-01 00:45:53]   VRAM       : 23.5 GB
[2026-03-01 00:45:53]   PyTorch    : 2.10.0+cu128
[2026-03-01 00:45:53]   PennyLane  : 0.44.0
[2026-03-01 00:45:53]   Python     : 3.12.3
[2026-03-01 00:45:53] ================================================================================
[2026-03-01 00:54:01]   [Cache]  dir=/workspace/QGINE/op2_cache_v9/op2_radius_rad4_k12_mnn64
[2026-03-01 00:54:01]   [Split]  train/val/test = 104664/13083/13084
[2026-03-01 00:54:01]   [Norm]   y_mean=2.671530 y_std=1.504882
[2026-03-01 00:54:01]   [3Body]  use_3body=True angle_rbf_bins=48
[2026-03-01 00:54:01]   [Quantum] p=4 Lq=2 measure=z+zz diff=backprop device=default.qubit
[2026-03-01 00:54:01]   [Stages] base=200 quantum=60 finetune=30
[2026-03-01 00:54:01]   [Freeze] base_during_quantum=True last_block_finetune=True
[2026-03-01 00:54:03]   Mean baseline MAE (val): 4.058689
[2026-03-01 00:54:03] ================================================================================
[2026-03-01 00:54:03]   MODEL SUMMARY: t0_qv8_h256_L4_p4_Lq2_z+zz_split0_train2
[2026-03-01 00:54:03]   Architecture   : hidden=256 layers=4 readout=add+mean
[2026-03-01 00:54:03]   3-body         : use_3body=True angle_rbf_bins=48
[2026-03-01 00:54:03]   Bond GINE      : layers=2 mode=interleave use_dist=True
[2026-03-01 00:54:03]   Quantum head   : p=4 Lq=2 measure=z+zz diff=backprop
[2026-03-01 00:54:03]   Total params   : 4,802,175
[2026-03-01 00:54:03]   Base params    : 4,796,673
[2026-03-01 00:54:03]   Quantum params : 377
[2026-03-01 00:54:03]   Input node dim : 11  |  Bond edge dim: 4
[2026-03-01 00:54:03]   Device         : cuda  |  AMP: True (bf16)
[2026-03-01 00:54:03]   GPU mem: 0.02GB alloc / 0.07GB reserved
[2026-03-01 00:54:03] ================================================================================
[2026-03-01 00:54:03] ================================================================================
[2026-03-01 00:54:03]   STAGE: BASE
[2026-03-01 00:54:03]   Trainable params : 4,796,673
[2026-03-01 00:54:03]   Epochs / Patience: 200 / 30
[2026-03-01 00:54:03]   LR / WD          : 1.00e-03 / 3.00e-04
[2026-03-01 00:54:03]   Scheduler        : cosine (warmup=10)
[2026-03-01 00:54:03]   Loss             : l1
[2026-03-01 00:54:03]   EMA              : True (decay=0.9999)
[2026-03-01 00:54:03]   GPU mem: 0.04GB alloc / 0.09GB reserved
[2026-03-01 00:54:03] ================================================================================
[2026-03-01 00:54:44]   [base] ep=0001/200 | lr=1.90e-04 | train=1.45341 | val=7.072481 | best=7.072481@1 | q_scale=0.00000 | gnorm=35.714 | patience=0/30 | ep=40.5s ETA=2h14m20s
[2026-03-01 00:55:22]   [base] ep=0002/200 | lr=2.80e-04 | train=0.92440 | val=5.341671 (↓1.730809) | best=5.341671@2 | q_scale=0.00000 | gnorm=24.077 | patience=0/30 | ep=38.0s ETA=2h09m32s
[2026-03-01 00:56:01]   [base] ep=0003/200 | lr=3.70e-04 | train=0.66058 | val=4.072341 (↓1.269330) | best=4.072341@3 | q_scale=0.00000 | gnorm=5.008 | patience=0/30 | ep=38.0s ETA=2h07m30s
[2026-03-01 00:56:39]   [base] ep=0004/200 | lr=4.60e-04 | train=0.56117 | val=3.172795 (↓0.899546) | best=3.172795@4 | q_scale=0.00000 | gnorm=29.966 | patience=0/30 | ep=38.0s ETA=2h06m11s
[2026-03-01 00:57:17]   [base] ep=0005/200 | lr=5.50e-04 | train=0.50753 | val=2.596750 (↓0.576045) | best=2.596750@5 | q_scale=0.00000 | gnorm=10.369 | patience=0/30 | ep=37.9s ETA=2h05m05s
[2026-03-01 00:57:55]   [base] ep=0006/200 | lr=6.40e-04 | train=0.47333 | val=2.239188 (↓0.357562) | best=2.239188@6 | q_scale=0.00000 | gnorm=22.540 | patience=0/30 | ep=38.0s ETA=2h04m12s
[2026-03-01 00:58:33]   [base] ep=0007/200 | lr=7.30e-04 | train=0.46538 | val=2.030432 (↓0.208755) | best=2.030432@7 | q_scale=0.00000 | gnorm=37.615 | patience=0/30 | ep=37.8s ETA=2h03m17s
[2026-03-01 00:59:11]   [base] ep=0008/200 | lr=8.20e-04 | train=0.45380 | val=2.068444 | best=2.030432@7 | q_scale=0.00000 | gnorm=5.971 | patience=1/30 | ep=38.1s ETA=2h02m34s
[2026-03-01 00:59:49]   [base] ep=0009/200 | lr=9.10e-04 | train=0.41991 | val=2.020649 (↓0.009783) | best=2.020649@9 | q_scale=0.00000 | gnorm=45.694 | patience=0/30 | ep=38.0s ETA=2h01m49s
[2026-03-01 01:00:28]   [base] ep=0010/200 | lr=1.00e-03 | train=0.43319 | val=1.835569 (↓0.185080) | best=1.835569@10 | q_scale=0.00000 | gnorm=68.130 | patience=0/30 | ep=38.1s ETA=2h01m07s
[2026-03-01 01:01:06]   [base] ep=0011/200 | lr=1.00e-03 | train=0.44172 | val=1.649394 (↓0.186176) | best=1.649394@11 | q_scale=0.00000 | gnorm=17.524 | patience=0/30 | ep=37.8s ETA=1h59m38s
[2026-03-01 01:01:44]   [base] ep=0012/200 | lr=1.00e-03 | train=0.43010 | val=1.485672 (↓0.163721) | best=1.485672@12 | q_scale=0.00000 | gnorm=6.649 | patience=0/30 | ep=37.9s ETA=1h58m58s
[2026-03-01 01:02:22]   [base] ep=0013/200 | lr=9.99e-04 | train=0.38504 | val=1.374413 (↓0.111260) | best=1.374413@13 | q_scale=0.00000 | gnorm=8.810 | patience=0/30 | ep=37.8s ETA=1h58m17s
[2026-03-01 01:03:00]   [base] ep=0014/200 | lr=9.99e-04 | train=0.36469 | val=1.305817 (↓0.068596) | best=1.305817@14 | q_scale=0.00000 | gnorm=36.468 | patience=0/30 | ep=37.8s ETA=1h57m37s
[2026-03-01 01:03:37]   [base] ep=0015/200 | lr=9.98e-04 | train=0.33966 | val=1.236830 (↓0.068987) | best=1.236830@15 | q_scale=0.00000 | gnorm=27.499 | patience=0/30 | ep=37.8s ETA=1h56m55s
[2026-03-01 01:04:15]   [base] ep=0016/200 | lr=9.98e-04 | train=0.37184 | val=1.188427 (↓0.048403) | best=1.188427@16 | q_scale=0.00000 | gnorm=72.137 | patience=0/30 | ep=37.9s ETA=1h56m14s
[2026-03-01 01:04:53]   [base] ep=0017/200 | lr=9.97e-04 | train=0.38508 | val=1.163268 (↓0.025159) | best=1.163268@17 | q_scale=0.00000 | gnorm=58.272 | patience=0/30 | ep=37.8s ETA=1h55m37s
[2026-03-01 01:05:31]   [base] ep=0018/200 | lr=9.96e-04 | train=0.36631 | val=1.139793 (↓0.023475) | best=1.139793@18 | q_scale=0.00000 | gnorm=27.721 | patience=0/30 | ep=37.9s ETA=1h54m54s
[2026-03-01 01:06:09]   [base] ep=0019/200 | lr=9.94e-04 | train=0.37064 | val=1.139649 (↓0.000144) | best=1.139649@19 | q_scale=0.00000 | gnorm=52.836 | patience=0/30 | ep=37.9s ETA=1h54m15s
[2026-03-01 01:06:48]   [base] ep=0020/200 | lr=9.93e-04 | train=0.32369 | val=1.172576 | best=1.139649@19 | q_scale=0.00000 | gnorm=9.963 | patience=1/30 | ep=37.8s ETA=1h53m31s
[2026-03-01 01:09:57]   [base] ep=0025/200 | lr=9.85e-04 | train=0.38984 | val=1.332019 | best=1.139649@19 | q_scale=0.00000 | gnorm=26.287 | patience=6/30 | ep=38.2s ETA=1h50m28s
[2026-03-01 01:13:10]   [base] ep=0030/200 | lr=9.73e-04 | train=0.50017 | val=1.280756 | best=1.139649@19 | q_scale=0.00000 | gnorm=27.055 | patience=11/30 | ep=38.4s ETA=1h48m09s
[2026-03-01 01:16:19]   [base] ep=0035/200 | lr=9.58e-04 | train=0.58732 | val=1.288918 | best=1.139649@19 | q_scale=0.00000 | gnorm=59.827 | patience=16/30 | ep=37.6s ETA=1h44m55s
[2026-03-01 01:19:29]   [base] ep=0040/200 | lr=9.40e-04 | train=0.71399 | val=1.289737 | best=1.139649@19 | q_scale=0.00000 | gnorm=18.227 | patience=21/30 | ep=38.4s ETA=1h41m02s
[2026-03-01 01:21:23]   [base] ep=0043/200 | lr=9.27e-04 | train=2.08918 | val=1.251311 | best=1.139649@19 | q_scale=0.00000 | gnorm=9.105 | patience=24/30 | ep=37.8s ETA=1h39m10s  ⚠ LOSS SPIKE (0.5137→2.0892)
[2026-03-01 01:22:39]   [base] ep=0045/200 | lr=9.19e-04 | train=0.33559 | val=1.225128 | best=1.139649@19 | q_scale=0.00000 | gnorm=9.414 | patience=26/30 | ep=37.9s ETA=1h37m59s
[2026-03-01 01:25:10]   [base] Early stop @ ep=49
[2026-03-01 01:25:10]   [base] Best val=1.139649 @ epoch 19
[2026-03-01 01:25:10] --------------------------------------------------------------------------------
[2026-03-01 01:25:10]   [base] COMPLETE in 31m07s
[2026-03-01 01:25:10]   [base] Best val MAE : 1.139649 @ epoch 19
[2026-03-01 01:25:10]   [base] Final q_scale: 0.000000
[2026-03-01 01:25:10]   [base] Avg epoch time: 38.0s
[2026-03-01 01:25:10]   GPU mem: 0.11GB alloc / 21.89GB reserved
[2026-03-01 01:25:10] --------------------------------------------------------------------------------
[2026-03-01 01:25:10]   [base] best_val=1.139649 | q_scale=0.0000
[2026-03-01 01:25:10] ================================================================================
[2026-03-01 01:25:10]   STAGE TRANSITION: base → quantum
[2026-03-01 01:25:10] ================================================================================
[2026-03-01 01:25:10]   freeze_base_during_quantum=True
[2026-03-01 01:25:12] ================================================================================
[2026-03-01 01:25:12]   STAGE: QUANTUM
[2026-03-01 01:25:12]   Trainable params : 5,502
[2026-03-01 01:25:12]   Epochs / Patience: 60 / 20
[2026-03-01 01:25:12]   LR / WD          : 3.00e-04 / 3.00e-04
[2026-03-01 01:25:12]   Scheduler        : cosine (warmup=10)
[2026-03-01 01:25:12]   Loss             : l1
[2026-03-01 01:25:12]   EMA              : True (decay=0.9999)
[2026-03-01 01:25:12]   GPU mem: 0.07GB alloc / 21.89GB reserved
[2026-03-01 01:25:12] ================================================================================
[2026-03-01 01:26:07]   [quantum] ep=0001/60 | lr=5.70e-05 | train=0.25692 | val=0.235985 | best=0.235985@1 | q_scale=-0.00949 | gnorm=5.000 | patience=0/20 | ep=54.8s ETA=53m54s
[2026-03-01 01:26:58]   [quantum] ep=0002/60 | lr=8.40e-05 | train=0.25619 | val=0.236109 | best=0.235985@1 | q_scale=-0.03315 | gnorm=5.001 | patience=1/20 | ep=51.3s ETA=51m16s
[2026-03-01 01:27:46]   [quantum] ep=0003/60 | lr=1.11e-04 | train=0.24380 | val=0.235941 (↓0.000044) | best=0.235941@3 | q_scale=-0.07038 | gnorm=4.834 | patience=0/20 | ep=47.2s ETA=48m32s
[2026-03-01 01:28:33]   [quantum] ep=0004/60 | lr=1.38e-04 | train=0.22244 | val=0.235767 (↓0.000174) | best=0.235767@4 | q_scale=-0.10597 | gnorm=4.624 | patience=0/20 | ep=47.6s ETA=46m53s
[2026-03-01 01:29:20]   [quantum] ep=0005/60 | lr=1.65e-04 | train=0.20879 | val=0.235527 (↓0.000240) | best=0.235527@5 | q_scale=-0.12311 | gnorm=1.303 | patience=0/20 | ep=47.0s ETA=45m27s
[2026-03-01 01:30:07]   [quantum] ep=0006/60 | lr=1.92e-04 | train=0.20643 | val=0.235172 (↓0.000354) | best=0.235172@6 | q_scale=-0.13105 | gnorm=2.728 | patience=0/20 | ep=46.6s ETA=44m11s
[2026-03-01 01:30:55]   [quantum] ep=0007/60 | lr=2.19e-04 | train=0.20350 | val=0.234722 (↓0.000450) | best=0.234722@7 | q_scale=-0.13812 | gnorm=3.252 | patience=0/20 | ep=47.5s ETA=43m10s
[2026-03-01 01:31:42]   [quantum] ep=0008/60 | lr=2.46e-04 | train=0.20285 | val=0.234047 (↓0.000674) | best=0.234047@8 | q_scale=-0.14528 | gnorm=3.999 | patience=0/20 | ep=47.1s ETA=42m09s
[2026-03-01 01:32:30]   [quantum] ep=0009/60 | lr=2.73e-04 | train=0.20064 | val=0.233474 (↓0.000574) | best=0.233474@9 | q_scale=-0.15296 | gnorm=1.248 | patience=0/20 | ep=47.9s ETA=41m17s
[2026-03-01 01:33:16]   [quantum] ep=0010/60 | lr=3.00e-04 | train=0.19888 | val=0.232679 (↓0.000795) | best=0.232679@10 | q_scale=-0.16368 | gnorm=3.701 | patience=0/20 | ep=46.0s ETA=40m15s
[2026-03-01 01:34:04]   [quantum] ep=0011/60 | lr=3.00e-04 | train=0.19614 | val=0.231819 (↓0.000860) | best=0.231819@11 | q_scale=-0.17172 | gnorm=1.647 | patience=0/20 | ep=47.6s ETA=38m52s
[2026-03-01 01:34:52]   [quantum] ep=0012/60 | lr=2.99e-04 | train=0.19416 | val=0.230716 (↓0.001104) | best=0.230716@12 | q_scale=-0.17991 | gnorm=3.579 | patience=0/20 | ep=48.0s ETA=37m48s
[2026-03-01 01:35:38]   [quantum] ep=0013/60 | lr=2.97e-04 | train=0.19441 | val=0.229727 (↓0.000989) | best=0.229727@13 | q_scale=-0.18257 | gnorm=2.729 | patience=0/20 | ep=45.8s ETA=36m54s
[2026-03-01 01:36:24]   [quantum] ep=0014/60 | lr=2.95e-04 | train=0.19407 | val=0.228584 (↓0.001143) | best=0.228584@14 | q_scale=-0.18351 | gnorm=5.601 | patience=0/20 | ep=45.4s ETA=35m57s
[2026-03-01 01:37:10]   [quantum] ep=0015/60 | lr=2.93e-04 | train=0.19221 | val=0.227423 (↓0.001161) | best=0.227423@15 | q_scale=-0.19332 | gnorm=1.257 | patience=0/20 | ep=46.4s ETA=35m07s
[2026-03-01 01:37:56]   [quantum] ep=0016/60 | lr=2.89e-04 | train=0.19129 | val=0.226178 (↓0.001245) | best=0.226178@16 | q_scale=-0.19457 | gnorm=4.430 | patience=0/20 | ep=45.8s ETA=34m17s
[2026-03-01 01:38:44]   [quantum] ep=0017/60 | lr=2.86e-04 | train=0.19270 | val=0.224931 (↓0.001246) | best=0.224931@17 | q_scale=-0.18950 | gnorm=7.131 | patience=0/20 | ep=47.0s ETA=33m28s
[2026-03-01 01:39:31]   [quantum] ep=0018/60 | lr=2.81e-04 | train=0.19237 | val=0.223680 (↓0.001252) | best=0.223680@18 | q_scale=-0.19874 | gnorm=1.941 | patience=0/20 | ep=47.5s ETA=32m43s
[2026-03-01 01:40:19]   [quantum] ep=0019/60 | lr=2.77e-04 | train=0.19346 | val=0.222454 (↓0.001225) | best=0.222454@19 | q_scale=-0.19915 | gnorm=1.405 | patience=0/20 | ep=47.6s ETA=31m55s
[2026-03-01 01:41:07]   [quantum] ep=0020/60 | lr=2.71e-04 | train=0.19114 | val=0.221199 (↓0.001255) | best=0.221199@20 | q_scale=-0.20336 | gnorm=2.537 | patience=0/20 | ep=47.2s ETA=31m13s
[2026-03-01 01:41:55]   [quantum] ep=0021/60 | lr=2.66e-04 | train=0.19054 | val=0.219789 (↓0.001410) | best=0.219789@21 | q_scale=-0.20880 | gnorm=3.815 | patience=0/20 | ep=47.4s ETA=30m25s
[2026-03-01 01:42:41]   [quantum] ep=0022/60 | lr=2.59e-04 | train=0.18992 | val=0.218314 (↓0.001475) | best=0.218314@22 | q_scale=-0.20710 | gnorm=4.455 | patience=0/20 | ep=46.0s ETA=29m31s
[2026-03-01 01:43:28]   [quantum] ep=0023/60 | lr=2.53e-04 | train=0.19025 | val=0.216781 (↓0.001533) | best=0.216781@23 | q_scale=-0.20560 | gnorm=1.120 | patience=0/20 | ep=46.7s ETA=28m48s
[2026-03-01 01:44:16]   [quantum] ep=0024/60 | lr=2.46e-04 | train=0.19046 | val=0.215125 (↓0.001656) | best=0.215125@24 | q_scale=-0.20879 | gnorm=1.743 | patience=0/20 | ep=47.3s ETA=28m08s
[2026-03-01 01:45:02]   [quantum] ep=0025/60 | lr=2.38e-04 | train=0.18998 | val=0.213447 (↓0.001678) | best=0.213447@25 | q_scale=-0.21052 | gnorm=3.132 | patience=0/20 | ep=46.1s ETA=27m20s
[2026-03-01 01:45:48]   [quantum] ep=0026/60 | lr=2.30e-04 | train=0.19081 | val=0.211980 (↓0.001467) | best=0.211980@26 | q_scale=-0.21335 | gnorm=2.268 | patience=0/20 | ep=45.6s ETA=26m32s
[2026-03-01 01:46:35]   [quantum] ep=0027/60 | lr=2.22e-04 | train=0.18973 | val=0.210325 (↓0.001655) | best=0.210325@27 | q_scale=-0.21628 | gnorm=2.964 | patience=0/20 | ep=47.4s ETA=25m47s
[2026-03-01 01:47:20]   [quantum] ep=0028/60 | lr=2.14e-04 | train=0.18991 | val=0.208906 (↓0.001419) | best=0.208906@28 | q_scale=-0.21812 | gnorm=1.390 | patience=0/20 | ep=44.8s ETA=24m51s
[2026-03-01 01:48:07]   [quantum] ep=0029/60 | lr=2.05e-04 | train=0.18981 | val=0.207721 (↓0.001185) | best=0.207721@29 | q_scale=-0.22131 | gnorm=4.133 | patience=0/20 | ep=46.6s ETA=24m01s
[2026-03-01 01:48:55]   [quantum] ep=0030/60 | lr=1.96e-04 | train=0.18972 | val=0.206519 (↓0.001202) | best=0.206519@30 | q_scale=-0.22487 | gnorm=3.378 | patience=0/20 | ep=47.3s ETA=23m15s
[2026-03-01 01:49:41]   [quantum] ep=0031/60 | lr=1.87e-04 | train=0.18836 | val=0.205545 (↓0.000974) | best=0.205545@31 | q_scale=-0.22531 | gnorm=3.267 | patience=0/20 | ep=46.7s ETA=22m26s
[2026-03-01 01:50:27]   [quantum] ep=0032/60 | lr=1.78e-04 | train=0.18866 | val=0.204642 (↓0.000903) | best=0.204642@32 | q_scale=-0.22707 | gnorm=2.846 | patience=0/20 | ep=45.3s ETA=21m38s
[2026-03-01 01:51:14]   [quantum] ep=0033/60 | lr=1.69e-04 | train=0.18936 | val=0.203793 (↓0.000849) | best=0.203793@33 | q_scale=-0.22586 | gnorm=7.068 | patience=0/20 | ep=47.3s ETA=20m53s
[2026-03-01 01:52:01]   [quantum] ep=0034/60 | lr=1.59e-04 | train=0.18765 | val=0.203224 (↓0.000568) | best=0.203224@34 | q_scale=-0.22726 | gnorm=3.215 | patience=0/20 | ep=46.9s ETA=20m06s
[2026-03-01 01:52:47]   [quantum] ep=0035/60 | lr=1.50e-04 | train=0.18853 | val=0.202590 (↓0.000634) | best=0.202590@35 | q_scale=-0.23029 | gnorm=4.550 | patience=0/20 | ep=45.0s ETA=19m17s
[2026-03-01 01:53:32]   [quantum] ep=0036/60 | lr=1.41e-04 | train=0.18827 | val=0.202212 (↓0.000379) | best=0.202212@36 | q_scale=-0.23004 | gnorm=3.276 | patience=0/20 | ep=45.6s ETA=18m30s
[2026-03-01 01:54:19]   [quantum] ep=0037/60 | lr=1.31e-04 | train=0.18818 | val=0.201779 (↓0.000433) | best=0.201779@37 | q_scale=-0.23614 | gnorm=2.938 | patience=0/20 | ep=46.7s ETA=17m43s
[2026-03-01 01:55:04]   [quantum] ep=0038/60 | lr=1.22e-04 | train=0.18867 | val=0.201676 (↓0.000103) | best=0.201676@38 | q_scale=-0.23672 | gnorm=6.019 | patience=0/20 | ep=44.3s ETA=16m55s
[2026-03-01 01:55:50]   [quantum] ep=0039/60 | lr=1.13e-04 | train=0.18779 | val=0.201563 (↓0.000113) | best=0.201563@39 | q_scale=-0.23413 | gnorm=2.064 | patience=0/20 | ep=46.3s ETA=16m09s
[2026-03-01 01:56:37]   [quantum] ep=0040/60 | lr=1.04e-04 | train=0.18764 | val=0.201412 (↓0.000151) | best=0.201412@40 | q_scale=-0.23656 | gnorm=2.025 | patience=0/20 | ep=46.2s ETA=15m20s
[2026-03-01 02:00:29]   [quantum] ep=0045/60 | lr=6.18e-05 | train=0.18646 | val=0.202129 | best=0.201412@40 | q_scale=-0.24526 | gnorm=6.106 | patience=5/20 | ep=47.0s ETA=11m32s
[2026-03-01 02:04:23]   [quantum] ep=0050/60 | lr=2.86e-05 | train=0.18635 | val=0.203770 | best=0.201412@40 | q_scale=-0.24715 | gnorm=5.517 | patience=10/20 | ep=44.9s ETA=7m45s
[2026-03-01 02:08:15]   [quantum] ep=0055/60 | lr=7.34e-06 | train=0.18649 | val=0.206415 | best=0.201412@40 | q_scale=-0.24941 | gnorm=4.573 | patience=15/20 | ep=46.5s ETA=3m52s
[2026-03-01 02:12:09]   [quantum] ep=0060/60 | lr=0.00e+00 | train=0.18639 | val=0.208805 | best=0.201412@40 | q_scale=-0.24988 | gnorm=1.044 | patience=20/20 | ep=47.8s ETA=0s
[2026-03-01 02:12:09]   [quantum] Early stop @ ep=60
[2026-03-01 02:12:09]   [quantum] Best val=0.201412 @ epoch 40
[2026-03-01 02:12:09] --------------------------------------------------------------------------------
[2026-03-01 02:12:09]   [quantum] COMPLETE in 46m57s
[2026-03-01 02:12:09]   [quantum] Best val MAE : 0.201412 @ epoch 40
[2026-03-01 02:12:09]   [quantum] Final q_scale: -0.249878
[2026-03-01 02:12:09]   [quantum] Avg epoch time: 46.8s
[2026-03-01 02:12:09]   GPU mem: 0.07GB alloc / 21.89GB reserved
[2026-03-01 02:12:09] --------------------------------------------------------------------------------
[2026-03-01 02:12:09]   [quantum] best_val=0.201412 | improvement over base: 0.938237 (82.33%)
[2026-03-01 02:12:09]   [quantum] q_scale=-0.249878
[2026-03-01 02:12:09] ================================================================================
[2026-03-01 02:12:09]   STAGE TRANSITION: quantum → finetune
[2026-03-01 02:12:09] ================================================================================
[2026-03-01 02:12:09]   unfreeze_last_block_finetune=True
[2026-03-01 02:12:10] ================================================================================
[2026-03-01 02:12:10]   STAGE: FINETUNE
[2026-03-01 02:12:10]   Trainable params : 1,452,927
[2026-03-01 02:12:10]   Epochs / Patience: 30 / 15
[2026-03-01 02:12:10]   LR / WD          : 5.00e-05 / 3.00e-04
[2026-03-01 02:12:10]   Scheduler        : cosine (warmup=10)
[2026-03-01 02:12:10]   Loss             : l1
[2026-03-01 02:12:10]   EMA              : True (decay=0.9999)
[2026-03-01 02:12:10]   GPU mem: 0.07GB alloc / 21.89GB reserved
[2026-03-01 02:12:10] ================================================================================
[2026-03-01 02:13:07]   [finetune] ep=0001/30 | lr=9.50e-06 | train=0.18450 | val=0.220466 | best=0.220466@1 | q_scale=-0.25056 | gnorm=8.243 | patience=0/15 | ep=57.1s ETA=27m35s
[2026-03-01 02:14:02]   [finetune] ep=0002/30 | lr=1.40e-05 | train=0.18239 | val=0.218567 (↓0.001899) | best=0.218567@2 | q_scale=-0.25177 | gnorm=6.584 | patience=0/15 | ep=54.4s ETA=26m01s
[2026-03-01 02:14:50]   [finetune] ep=0003/30 | lr=1.85e-05 | train=0.18066 | val=0.218036 (↓0.000531) | best=0.218036@3 | q_scale=-0.25354 | gnorm=3.583 | patience=0/15 | ep=48.0s ETA=23m55s
[2026-03-01 02:15:40]   [finetune] ep=0004/30 | lr=2.30e-05 | train=0.17937 | val=0.218294 | best=0.218036@3 | q_scale=-0.25534 | gnorm=4.100 | patience=1/15 | ep=49.9s ETA=22m41s
[2026-03-01 02:16:30]   [finetune] ep=0005/30 | lr=2.75e-05 | train=0.17779 | val=0.216983 (↓0.001053) | best=0.216983@5 | q_scale=-0.25746 | gnorm=15.657 | patience=0/15 | ep=49.7s ETA=21m35s
[2026-03-01 02:17:19]   [finetune] ep=0006/30 | lr=3.20e-05 | train=0.17673 | val=0.217346 | best=0.216983@5 | q_scale=-0.26012 | gnorm=7.202 | patience=1/15 | ep=49.5s ETA=20m34s
[2026-03-01 02:18:10]   [finetune] ep=0007/30 | lr=3.65e-05 | train=0.17558 | val=0.216866 (↓0.000117) | best=0.216866@7 | q_scale=-0.26311 | gnorm=7.100 | patience=0/15 | ep=50.3s ETA=19m39s
[2026-03-01 02:18:58]   [finetune] ep=0008/30 | lr=4.10e-05 | train=0.17443 | val=0.215875 (↓0.000991) | best=0.215875@8 | q_scale=-0.26646 | gnorm=3.744 | patience=0/15 | ep=48.4s ETA=18m40s
[2026-03-01 02:19:48]   [finetune] ep=0009/30 | lr=4.55e-05 | train=0.17287 | val=0.215068 (↓0.000807) | best=0.215068@9 | q_scale=-0.26961 | gnorm=9.932 | patience=0/15 | ep=49.4s ETA=17m46s
[2026-03-01 02:20:37]   [finetune] ep=0010/30 | lr=5.00e-05 | train=0.17132 | val=0.213979 (↓0.001089) | best=0.213979@10 | q_scale=-0.27332 | gnorm=11.788 | patience=0/15 | ep=48.9s ETA=16m51s
[2026-03-01 02:21:26]   [finetune] ep=0011/30 | lr=4.97e-05 | train=0.17051 | val=0.212912 (↓0.001067) | best=0.212912@11 | q_scale=-0.27708 | gnorm=5.654 | patience=0/15 | ep=48.5s ETA=15m44s
[2026-03-01 02:22:15]   [finetune] ep=0012/30 | lr=4.88e-05 | train=0.16931 | val=0.212059 (↓0.000853) | best=0.212059@12 | q_scale=-0.28091 | gnorm=5.529 | patience=0/15 | ep=49.5s ETA=14m45s
[2026-03-01 02:23:04]   [finetune] ep=0013/30 | lr=4.73e-05 | train=0.16768 | val=0.211885 (↓0.000175) | best=0.211885@13 | q_scale=-0.28362 | gnorm=3.232 | patience=0/15 | ep=48.3s ETA=13m57s
[2026-03-01 02:23:55]   [finetune] ep=0014/30 | lr=4.52e-05 | train=0.16829 | val=0.209589 (↓0.002295) | best=0.209589@14 | q_scale=-0.28662 | gnorm=7.226 | patience=0/15 | ep=50.8s ETA=13m09s
[2026-03-01 02:24:44]   [finetune] ep=0015/30 | lr=4.27e-05 | train=0.16714 | val=0.208925 (↓0.000665) | best=0.208925@15 | q_scale=-0.28965 | gnorm=5.325 | patience=0/15 | ep=48.9s ETA=12m18s
[2026-03-01 02:25:33]   [finetune] ep=0016/30 | lr=3.97e-05 | train=0.16471 | val=0.207628 (↓0.001297) | best=0.207628@16 | q_scale=-0.29196 | gnorm=7.543 | patience=0/15 | ep=49.5s ETA=11m29s
[2026-03-01 02:26:22]   [finetune] ep=0017/30 | lr=3.63e-05 | train=0.16532 | val=0.206994 (↓0.000634) | best=0.206994@17 | q_scale=-0.29466 | gnorm=5.601 | patience=0/15 | ep=48.7s ETA=10m38s
[2026-03-01 02:28:51]   [finetune] ep=0020/30 | lr=2.50e-05 | train=0.16239 | val=0.207650 | best=0.206994@17 | q_scale=-0.30115 | gnorm=8.860 | patience=3/15 | ep=50.5s ETA=8m12s
[2026-03-01 02:29:43]   [finetune] ep=0021/30 | lr=2.11e-05 | train=0.16241 | val=0.206610 (↓0.000385) | best=0.206610@21 | q_scale=-0.30228 | gnorm=2.429 | patience=0/15 | ep=51.9s ETA=7m25s
[2026-03-01 02:32:10]   [finetune] ep=0024/30 | lr=1.03e-05 | train=0.16133 | val=0.205041 (↓0.001568) | best=0.205041@24 | q_scale=-0.30564 | gnorm=3.286 | patience=0/15 | ep=48.9s ETA=4m56s
[2026-03-01 02:32:59]   [finetune] ep=0025/30 | lr=7.32e-06 | train=0.15957 | val=0.204638 (↓0.000404) | best=0.204638@25 | q_scale=-0.30625 | gnorm=12.480 | patience=0/15 | ep=48.9s ETA=4m06s
[2026-03-01 02:33:48]   [finetune] ep=0026/30 | lr=4.77e-06 | train=0.15882 | val=0.203666 (↓0.000972) | best=0.203666@26 | q_scale=-0.30679 | gnorm=5.301 | patience=0/15 | ep=48.7s ETA=3m17s
[2026-03-01 02:37:05]   [finetune] ep=0030/30 | lr=0.00e+00 | train=0.15956 | val=0.204114 | best=0.203666@26 | q_scale=-0.30738 | gnorm=6.295 | patience=4/15 | ep=47.7s ETA=0s
[2026-03-01 02:37:05] --------------------------------------------------------------------------------
[2026-03-01 02:37:05]   [finetune] COMPLETE in 24m55s
[2026-03-01 02:37:05]   [finetune] Best val MAE : 0.203666 @ epoch 26
[2026-03-01 02:37:05]   [finetune] Final q_scale: -0.307384
[2026-03-01 02:37:05]   [finetune] Avg epoch time: 49.7s
[2026-03-01 02:37:05]   GPU mem: 0.08GB alloc / 21.89GB reserved
[2026-03-01 02:37:05] --------------------------------------------------------------------------------
[2026-03-01 02:37:05]   [finetune] best_val=0.203666 | improvement over quantum: -0.002254
[2026-03-01 02:37:05]   [finetune] q_scale=-0.307384
[2026-03-01 02:37:12] ================================================================================
[2026-03-01 02:37:12]   FINAL RESULTS
[2026-03-01 02:37:12] ================================================================================
[2026-03-01 02:37:12]   Tag      : t0_qv8_h256_L4_p4_Lq2_z+zz_split0_train2
[2026-03-01 02:37:12]   Val  MAE : 0.190303
[2026-03-01 02:37:12]   Test MAE : 0.188132
[2026-03-01 02:37:12]   q_scale  : -0.306795
[2026-03-01 02:37:12]   Best epoch (overall): 26
[2026-03-01 02:37:12]   Stage MAEs — base: 1.139649 | quantum: 0.201412 | finetune: 0.203666
[2026-03-01 02:37:12]   Total quantum+finetune gain: 0.949346 (83.30% over base)
[2026-03-01 02:37:12]   Ckpt : runs_qgine_v9/target0/qgine_v10_full_20260301_004549/split0/train2/best_t0_qv8_h256_L4_p4_Lq2_z+zz_split0_train2.pt
[2026-03-01 02:37:12]   Log  : runs_qgine_v9/target0/qgine_v10_full_20260301_004549/split0/train2/log_t0_qv8_h256_L4_p4_Lq2_z+zz_split0_train2.csv
[2026-03-01 02:37:12]   Qdiag: runs_qgine_v9/target0/qgine_v10_full_20260301_004549/split0/train2/qdiag_t0_qv8_h256_L4_p4_Lq2_z+zz_split0_train2.csv
[2026-03-01 02:37:12] ================================================================================
[2026-03-01 02:37:14] ================================================================================
[2026-03-01 02:37:14]   ALL RUNS COMPLETE
[2026-03-01 02:37:14] ================================================================================
[2026-03-01 02:37:14]   BEST: t0_qv8_h256_L4_p4_Lq2_z+zz_split0_train2
[2026-03-01 02:37:14]   val=0.190303 | test=0.188132 | q_scale=-0.306795
[2026-03-01 02:37:14]   summary: runs_qgine_v9/target0/qgine_v10_full_20260301_004549/split0/train2/summary.csv
