[2026-02-28 21:44:32] ================================================================================
[2026-02-28 21:44:32]   QGINE v10 — STARTUP
[2026-02-28 21:44:32] ================================================================================
[2026-02-28 21:44:32]   exp_name   : qgine_v10_full_20260228_214429
[2026-02-28 21:44:32]   target_idx : 0
[2026-02-28 21:44:32]   split_seed : 0  train_seed: 3
[2026-02-28 21:44:32]   Device     : cuda
[2026-02-28 21:44:32]   GPU        : NVIDIA GeForce RTX 4090
[2026-02-28 21:44:32]   VRAM       : 23.5 GB
[2026-02-28 21:44:32]   PyTorch    : 2.10.0+cu128
[2026-02-28 21:44:32]   PennyLane  : 0.44.0
[2026-02-28 21:44:32]   Python     : 3.12.3
[2026-02-28 21:44:32] ================================================================================
[2026-02-28 21:45:03]   [Cache]  dir=/workspace/QGINE/op2_cache_v9/op2_radius_rad4_k12_mnn64
[2026-02-28 21:45:03]   [Split]  train/val/test = 104664/13083/13084
[2026-02-28 21:45:03]   [Norm]   y_mean=2.671530 y_std=1.504882
[2026-02-28 21:45:03]   [3Body]  use_3body=True angle_rbf_bins=48
[2026-02-28 21:45:03]   [Quantum] p=4 Lq=2 measure=z+zz diff=backprop device=default.qubit
[2026-02-28 21:45:03]   [Stages] base=200 quantum=60 finetune=30
[2026-02-28 21:45:03]   [Freeze] base_during_quantum=True last_block_finetune=True
[2026-02-28 21:45:05]   Mean baseline MAE (val): 1.177110
[2026-02-28 21:45:05] ================================================================================
[2026-02-28 21:45:05]   MODEL SUMMARY: t0_qv8_h256_L4_p4_Lq2_z+zz_split0_train3
[2026-02-28 21:45:05]   Architecture   : hidden=256 layers=4 readout=add+mean
[2026-02-28 21:45:05]   3-body         : use_3body=True angle_rbf_bins=48
[2026-02-28 21:45:05]   Bond GINE      : layers=2 mode=interleave use_dist=True
[2026-02-28 21:45:05]   Quantum head   : p=4 Lq=2 measure=z+zz diff=backprop
[2026-02-28 21:45:05]   Total params   : 4,802,175
[2026-02-28 21:45:05]   Base params    : 4,796,673
[2026-02-28 21:45:05]   Quantum params : 377
[2026-02-28 21:45:05]   Input node dim : 11  |  Bond edge dim: 4
[2026-02-28 21:45:05]   Device         : cuda  |  AMP: True (bf16)
[2026-02-28 21:45:05]   GPU mem: 0.02GB alloc / 0.07GB reserved
[2026-02-28 21:45:05] ================================================================================
[2026-02-28 21:45:05] ================================================================================
[2026-02-28 21:45:05]   STAGE: BASE
[2026-02-28 21:45:05]   Trainable params : 4,796,673
[2026-02-28 21:45:05]   Epochs / Patience: 200 / 30
[2026-02-28 21:45:05]   LR / WD          : 1.00e-03 / 3.00e-04
[2026-02-28 21:45:05]   Scheduler        : cosine (warmup=10)
[2026-02-28 21:45:05]   Loss             : l1
[2026-02-28 21:45:05]   EMA              : True (decay=0.9999)
[2026-02-28 21:45:05]   GPU mem: 0.04GB alloc / 0.09GB reserved
[2026-02-28 21:45:05] ================================================================================
[2026-02-28 21:45:46]   [base] ep=0001/200 | lr=1.90e-04 | train=1.13831 | val=2.004711 | best=2.004711@1 | q_scale=0.00000 | gnorm=23.555 | patience=0/30 | ep=40.5s ETA=2h14m22s
[2026-02-28 21:46:24]   [base] ep=0002/200 | lr=2.80e-04 | train=0.62902 | val=2.028734 | best=2.004711@1 | q_scale=0.00000 | gnorm=8.502 | patience=1/30 | ep=37.9s ETA=2h09m24s
[2026-02-28 21:47:02]   [base] ep=0003/200 | lr=3.70e-04 | train=0.42090 | val=2.113282 | best=2.004711@1 | q_scale=0.00000 | gnorm=3.467 | patience=2/30 | ep=37.7s ETA=2h07m03s
[2026-02-28 21:47:39]   [base] ep=0004/200 | lr=4.60e-04 | train=0.33374 | val=2.429388 | best=2.004711@1 | q_scale=0.00000 | gnorm=2.010 | patience=3/30 | ep=37.7s ETA=2h05m36s
[2026-02-28 21:48:17]   [base] ep=0005/200 | lr=5.50e-04 | train=0.30030 | val=3.093126 | best=2.004711@1 | q_scale=0.00000 | gnorm=1.438 | patience=4/30 | ep=37.6s ETA=2h04m25s
[2026-02-28 21:48:55]   [base] ep=0006/200 | lr=6.40e-04 | train=0.27250 | val=3.475173 | best=2.004711@1 | q_scale=0.00000 | gnorm=4.877 | patience=5/30 | ep=37.5s ETA=2h03m23s
[2026-02-28 21:49:32]   [base] ep=0007/200 | lr=7.30e-04 | train=0.25228 | val=3.643128 | best=2.004711@1 | q_scale=0.00000 | gnorm=5.550 | patience=6/30 | ep=37.5s ETA=2h02m28s
[2026-02-28 21:50:10]   [base] ep=0008/200 | lr=8.20e-04 | train=0.24429 | val=3.441338 | best=2.004711@1 | q_scale=0.00000 | gnorm=13.630 | patience=7/30 | ep=37.9s ETA=2h01m45s
[2026-02-28 21:50:48]   [base] ep=0009/200 | lr=9.10e-04 | train=0.23042 | val=3.066740 | best=2.004711@1 | q_scale=0.00000 | gnorm=11.236 | patience=8/30 | ep=37.7s ETA=2h01m00s
[2026-02-28 21:51:26]   [base] ep=0010/200 | lr=1.00e-03 | train=0.22103 | val=2.616464 | best=2.004711@1 | q_scale=0.00000 | gnorm=13.146 | patience=9/30 | ep=37.5s ETA=2h00m13s
[2026-02-28 21:52:41]   [base] ep=0012/200 | lr=1.00e-03 | train=0.21742 | val=1.717612 (↓0.287099) | best=1.717612@12 | q_scale=0.00000 | gnorm=12.417 | patience=0/30 | ep=37.7s ETA=1h58m00s
[2026-02-28 21:53:19]   [base] ep=0013/200 | lr=9.99e-04 | train=0.20885 | val=1.542304 (↓0.175308) | best=1.542304@13 | q_scale=0.00000 | gnorm=10.343 | patience=0/30 | ep=37.7s ETA=1h57m23s
[2026-02-28 21:53:57]   [base] ep=0014/200 | lr=9.99e-04 | train=0.20983 | val=1.500726 (↓0.041578) | best=1.500726@14 | q_scale=0.00000 | gnorm=7.862 | patience=0/30 | ep=37.7s ETA=1h56m45s
[2026-02-28 21:54:34]   [base] ep=0015/200 | lr=9.98e-04 | train=0.19397 | val=1.653275 | best=1.500726@14 | q_scale=0.00000 | gnorm=2.026 | patience=1/30 | ep=37.7s ETA=1h56m08s
[2026-02-28 21:57:43]   [base] ep=0020/200 | lr=9.93e-04 | train=0.17625 | val=1.983490 | best=1.500726@14 | q_scale=0.00000 | gnorm=10.140 | patience=6/30 | ep=37.7s ETA=1h53m07s
[2026-02-28 22:00:52]   [base] ep=0025/200 | lr=9.85e-04 | train=0.16293 | val=1.833503 | best=1.500726@14 | q_scale=0.00000 | gnorm=3.597 | patience=11/30 | ep=37.7s ETA=1h49m59s
[2026-02-28 22:04:03]   [base] ep=0030/200 | lr=9.73e-04 | train=0.53329 | val=1.493930 (↓0.006796) | best=1.493930@30 | q_scale=0.00000 | gnorm=13056.107 | patience=0/30 | ep=37.7s ETA=1h47m24s  ⚠ LOSS SPIKE (0.1637→0.5333)
[2026-02-28 22:04:40]   [base] ep=0031/200 | lr=9.70e-04 | train=0.69697 | val=1.361796 (↓0.132134) | best=1.361796@31 | q_scale=0.00000 | gnorm=16.588 | patience=0/30 | ep=37.5s ETA=1h46m42s
[2026-02-28 22:05:18]   [base] ep=0032/200 | lr=9.67e-04 | train=0.16720 | val=1.333178 (↓0.028618) | best=1.333178@32 | q_scale=0.00000 | gnorm=9.896 | patience=0/30 | ep=37.5s ETA=1h46m01s
[2026-02-28 22:05:55]   [base] ep=0033/200 | lr=9.64e-04 | train=0.16936 | val=1.280913 (↓0.052265) | best=1.280913@33 | q_scale=0.00000 | gnorm=6.739 | patience=0/30 | ep=37.6s ETA=1h45m22s
[2026-02-28 22:06:33]   [base] ep=0034/200 | lr=9.61e-04 | train=0.15763 | val=1.172357 (↓0.108556) | best=1.172357@34 | q_scale=0.00000 | gnorm=8.714 | patience=0/30 | ep=37.6s ETA=1h44m42s
[2026-02-28 22:07:11]   [base] ep=0035/200 | lr=9.58e-04 | train=0.15022 | val=1.136673 (↓0.035685) | best=1.136673@35 | q_scale=0.00000 | gnorm=17.554 | patience=0/30 | ep=37.7s ETA=1h44m05s
[2026-02-28 22:07:49]   [base] ep=0036/200 | lr=9.55e-04 | train=0.15116 | val=0.909787 (↓0.226886) | best=0.909787@36 | q_scale=0.00000 | gnorm=6.122 | patience=0/30 | ep=37.7s ETA=1h43m26s
[2026-02-28 22:08:27]   [base] ep=0037/200 | lr=9.51e-04 | train=0.15131 | val=0.853920 (↓0.055867) | best=0.853920@37 | q_scale=0.00000 | gnorm=18.240 | patience=0/30 | ep=37.7s ETA=1h42m38s
[2026-02-28 22:09:04]   [base] ep=0038/200 | lr=9.47e-04 | train=0.18079 | val=0.822105 (↓0.031814) | best=0.822105@38 | q_scale=0.00000 | gnorm=89.111 | patience=0/30 | ep=37.7s ETA=1h41m42s
[2026-02-28 22:09:42]   [base] ep=0039/200 | lr=9.44e-04 | train=0.17194 | val=0.600371 (↓0.221734) | best=0.600371@39 | q_scale=0.00000 | gnorm=4.124 | patience=0/30 | ep=37.6s ETA=1h40m58s
[2026-02-28 22:10:20]   [base] ep=0040/200 | lr=9.40e-04 | train=0.14580 | val=0.565896 (↓0.034475) | best=0.565896@40 | q_scale=0.00000 | gnorm=11.451 | patience=0/30 | ep=37.7s ETA=1h40m19s
[2026-02-28 22:10:58]   [base] ep=0041/200 | lr=9.36e-04 | train=0.14781 | val=0.534915 (↓0.030981) | best=0.534915@41 | q_scale=0.00000 | gnorm=12.419 | patience=0/30 | ep=37.7s ETA=1h39m45s
[2026-02-28 22:11:35]   [base] ep=0042/200 | lr=9.32e-04 | train=0.20745 | val=0.503006 (↓0.031909) | best=0.503006@42 | q_scale=0.00000 | gnorm=12.887 | patience=0/30 | ep=37.5s ETA=1h39m06s
[2026-02-28 22:12:13]   [base] ep=0043/200 | lr=9.27e-04 | train=0.57416 | val=0.473763 (↓0.029243) | best=0.473763@43 | q_scale=0.00000 | gnorm=4.373 | patience=0/30 | ep=37.6s ETA=1h38m29s
[2026-02-28 22:12:51]   [base] ep=0044/200 | lr=9.23e-04 | train=0.13935 | val=0.447304 (↓0.026459) | best=0.447304@44 | q_scale=0.00000 | gnorm=12.298 | patience=0/30 | ep=37.6s ETA=1h37m52s
[2026-02-28 22:13:29]   [base] ep=0045/200 | lr=9.19e-04 | train=0.16139 | val=0.425353 (↓0.021950) | best=0.425353@45 | q_scale=0.00000 | gnorm=10.641 | patience=0/30 | ep=37.6s ETA=1h37m14s
[2026-02-28 22:14:07]   [base] ep=0046/200 | lr=9.14e-04 | train=0.17784 | val=0.405403 (↓0.019950) | best=0.405403@46 | q_scale=0.00000 | gnorm=4.462 | patience=0/30 | ep=37.8s ETA=1h36m38s
[2026-02-28 22:14:44]   [base] ep=0047/200 | lr=9.09e-04 | train=0.15771 | val=0.389370 (↓0.016033) | best=0.389370@47 | q_scale=0.00000 | gnorm=16.483 | patience=0/30 | ep=37.7s ETA=1h36m00s
[2026-02-28 22:15:22]   [base] ep=0048/200 | lr=9.05e-04 | train=0.14139 | val=0.373824 (↓0.015547) | best=0.373824@48 | q_scale=0.00000 | gnorm=19.340 | patience=0/30 | ep=37.6s ETA=1h35m22s
[2026-02-28 22:16:00]   [base] ep=0049/200 | lr=9.00e-04 | train=5.05993 | val=0.354966 (↓0.018857) | best=0.354966@49 | q_scale=0.00000 | gnorm=5.985 | patience=0/30 | ep=37.7s ETA=1h34m46s  ⚠ LOSS SPIKE (0.1414→5.0599)
[2026-02-28 22:16:38]   [base] ep=0050/200 | lr=8.95e-04 | train=0.15022 | val=0.348329 (↓0.006637) | best=0.348329@50 | q_scale=0.00000 | gnorm=16.280 | patience=0/30 | ep=37.6s ETA=1h34m07s
[2026-02-28 22:17:16]   [base] ep=0051/200 | lr=8.89e-04 | train=0.13800 | val=0.345472 (↓0.002858) | best=0.345472@51 | q_scale=0.00000 | gnorm=20.922 | patience=0/30 | ep=37.6s ETA=1h33m29s
[2026-02-28 22:17:54]   [base] ep=0052/200 | lr=8.84e-04 | train=0.14021 | val=0.343001 (↓0.002470) | best=0.343001@52 | q_scale=0.00000 | gnorm=19.261 | patience=0/30 | ep=37.7s ETA=1h32m54s
[2026-02-28 22:18:32]   [base] ep=0053/200 | lr=8.79e-04 | train=0.13706 | val=0.342701 (↓0.000300) | best=0.342701@53 | q_scale=0.00000 | gnorm=20.758 | patience=0/30 | ep=37.8s ETA=1h32m19s
[2026-02-28 22:19:47]   [base] ep=0055/200 | lr=8.68e-04 | train=0.13242 | val=0.343453 | best=0.342701@53 | q_scale=0.00000 | gnorm=10.368 | patience=2/30 | ep=37.7s ETA=1h31m06s
[2026-02-28 22:22:56]   [base] ep=0060/200 | lr=8.39e-04 | train=0.13106 | val=0.347234 | best=0.342701@53 | q_scale=0.00000 | gnorm=8.960 | patience=7/30 | ep=37.7s ETA=1h27m57s
[2026-02-28 22:24:11]   [base] ep=0062/200 | lr=8.26e-04 | train=0.88678 | val=0.345371 | best=0.342701@53 | q_scale=0.00000 | gnorm=16.387 | patience=9/30 | ep=37.6s ETA=1h26m41s  ⚠ LOSS SPIKE (0.1309→0.8868)
[2026-02-28 22:26:04]   [base] ep=0065/200 | lr=8.07e-04 | train=0.12873 | val=0.347966 | best=0.342701@53 | q_scale=0.00000 | gnorm=12.809 | patience=12/30 | ep=37.5s ETA=1h24m43s
[2026-02-28 22:27:57]   [base] ep=0068/200 | lr=7.87e-04 | train=0.12942 | val=0.341951 (↓0.000750) | best=0.341951@68 | q_scale=0.00000 | gnorm=15.140 | patience=0/30 | ep=37.7s ETA=1h22m50s
[2026-02-28 22:28:35]   [base] ep=0069/200 | lr=7.80e-04 | train=0.20306 | val=0.340986 (↓0.000965) | best=0.340986@69 | q_scale=0.00000 | gnorm=9.108 | patience=0/30 | ep=37.6s ETA=1h22m11s
[2026-02-28 22:29:13]   [base] ep=0070/200 | lr=7.73e-04 | train=0.12685 | val=0.337447 (↓0.003539) | best=0.337447@70 | q_scale=0.00000 | gnorm=9.524 | patience=0/30 | ep=37.7s ETA=1h21m33s
[2026-02-28 22:29:50]   [base] ep=0071/200 | lr=7.67e-04 | train=0.12525 | val=0.335017 (↓0.002430) | best=0.335017@71 | q_scale=0.00000 | gnorm=12.845 | patience=0/30 | ep=37.6s ETA=1h20m54s
[2026-02-28 22:30:29]   [base] ep=0072/200 | lr=7.59e-04 | train=0.19500 | val=0.331641 (↓0.003377) | best=0.331641@72 | q_scale=0.00000 | gnorm=11.425 | patience=0/30 | ep=38.4s ETA=1h20m26s
[2026-02-28 22:31:07]   [base] ep=0073/200 | lr=7.52e-04 | train=4.26183 | val=0.326315 (↓0.005326) | best=0.326315@73 | q_scale=0.00000 | gnorm=23.910 | patience=0/30 | ep=37.6s ETA=1h19m48s  ⚠ LOSS SPIKE (0.1950→4.2618)
[2026-02-28 22:31:44]   [base] ep=0074/200 | lr=7.45e-04 | train=0.12403 | val=0.324363 (↓0.001951) | best=0.324363@74 | q_scale=0.00000 | gnorm=15.672 | patience=0/30 | ep=37.6s ETA=1h19m10s
[2026-02-28 22:32:22]   [base] ep=0075/200 | lr=7.38e-04 | train=0.11984 | val=0.322601 (↓0.001762) | best=0.322601@75 | q_scale=0.00000 | gnorm=21.735 | patience=0/30 | ep=37.5s ETA=1h18m32s
[2026-02-28 22:33:00]   [base] ep=0076/200 | lr=7.31e-04 | train=0.12074 | val=0.320343 (↓0.002258) | best=0.320343@76 | q_scale=0.00000 | gnorm=5.358 | patience=0/30 | ep=37.6s ETA=1h17m55s
[2026-02-28 22:33:38]   [base] ep=0077/200 | lr=7.23e-04 | train=0.13293 | val=0.318685 (↓0.001658) | best=0.318685@77 | q_scale=0.00000 | gnorm=11.261 | patience=0/30 | ep=37.7s ETA=1h17m17s
[2026-02-28 22:34:15]   [base] ep=0078/200 | lr=7.16e-04 | train=0.11830 | val=0.317511 (↓0.001174) | best=0.317511@78 | q_scale=0.00000 | gnorm=22.100 | patience=0/30 | ep=37.5s ETA=1h16m37s
[2026-02-28 22:34:53]   [base] ep=0079/200 | lr=7.08e-04 | train=1.00588 | val=0.315783 (↓0.001728) | best=0.315783@79 | q_scale=0.00000 | gnorm=7.462 | patience=0/30 | ep=37.7s ETA=1h16m00s  ⚠ LOSS SPIKE (0.1183→1.0059)
[2026-02-28 22:35:31]   [base] ep=0080/200 | lr=7.01e-04 | train=0.14285 | val=0.314112 (↓0.001670) | best=0.314112@80 | q_scale=0.00000 | gnorm=11.987 | patience=0/30 | ep=37.5s ETA=1h15m20s
[2026-02-28 22:36:09]   [base] ep=0081/200 | lr=6.93e-04 | train=0.12109 | val=0.311172 (↓0.002941) | best=0.311172@81 | q_scale=0.00000 | gnorm=8.265 | patience=0/30 | ep=37.9s ETA=1h14m46s
[2026-02-28 22:36:47]   [base] ep=0082/200 | lr=6.86e-04 | train=0.11991 | val=0.308450 (↓0.002722) | best=0.308450@82 | q_scale=0.00000 | gnorm=13.574 | patience=0/30 | ep=37.6s ETA=1h13m59s
[2026-02-28 22:37:24]   [base] ep=0083/200 | lr=6.78e-04 | train=0.11586 | val=0.305011 (↓0.003439) | best=0.305011@83 | q_scale=0.00000 | gnorm=7.079 | patience=0/30 | ep=37.6s ETA=1h13m21s
[2026-02-28 22:38:02]   [base] ep=0084/200 | lr=6.70e-04 | train=0.11692 | val=0.301026 (↓0.003985) | best=0.301026@84 | q_scale=0.00000 | gnorm=6.146 | patience=0/30 | ep=37.6s ETA=1h12m43s
[2026-02-28 22:38:40]   [base] ep=0085/200 | lr=6.62e-04 | train=0.11667 | val=0.297130 (↓0.003896) | best=0.297130@85 | q_scale=0.00000 | gnorm=6.773 | patience=0/30 | ep=37.7s ETA=1h12m08s
[2026-02-28 22:39:18]   [base] ep=0086/200 | lr=6.55e-04 | train=0.11585 | val=0.293784 (↓0.003346) | best=0.293784@86 | q_scale=0.00000 | gnorm=9.806 | patience=0/30 | ep=37.7s ETA=1h11m31s
[2026-02-28 22:39:55]   [base] ep=0087/200 | lr=6.47e-04 | train=0.13275 | val=0.289715 (↓0.004070) | best=0.289715@87 | q_scale=0.00000 | gnorm=6.177 | patience=0/30 | ep=37.6s ETA=1h10m53s
[2026-02-28 22:40:33]   [base] ep=0088/200 | lr=6.39e-04 | train=0.11921 | val=0.285922 (↓0.003793) | best=0.285922@88 | q_scale=0.00000 | gnorm=14.374 | patience=0/30 | ep=37.6s ETA=1h10m15s
[2026-02-28 22:41:11]   [base] ep=0089/200 | lr=6.31e-04 | train=0.11528 | val=0.282848 (↓0.003074) | best=0.282848@89 | q_scale=0.00000 | gnorm=13.922 | patience=0/30 | ep=37.6s ETA=1h09m37s
[2026-02-28 22:41:49]   [base] ep=0090/200 | lr=6.23e-04 | train=0.11411 | val=0.278213 (↓0.004635) | best=0.278213@90 | q_scale=0.00000 | gnorm=6.455 | patience=0/30 | ep=37.6s ETA=1h09m01s
[2026-02-28 22:42:27]   [base] ep=0091/200 | lr=6.15e-04 | train=0.15006 | val=0.274431 (↓0.003782) | best=0.274431@91 | q_scale=0.00000 | gnorm=6.012 | patience=0/30 | ep=37.5s ETA=1h08m19s
[2026-02-28 22:43:04]   [base] ep=0092/200 | lr=6.07e-04 | train=0.11302 | val=0.270882 (↓0.003549) | best=0.270882@92 | q_scale=0.00000 | gnorm=5.701 | patience=0/30 | ep=37.8s ETA=1h07m43s
[2026-02-28 22:43:42]   [base] ep=0093/200 | lr=5.99e-04 | train=0.11121 | val=0.266724 (↓0.004158) | best=0.266724@93 | q_scale=0.00000 | gnorm=11.469 | patience=0/30 | ep=37.8s ETA=1h07m08s
[2026-02-28 22:44:20]   [base] ep=0094/200 | lr=5.90e-04 | train=0.11174 | val=0.263555 (↓0.003170) | best=0.263555@94 | q_scale=0.00000 | gnorm=10.748 | patience=0/30 | ep=38.0s ETA=1h06m34s
[2026-02-28 22:44:59]   [base] ep=0095/200 | lr=5.82e-04 | train=0.11160 | val=0.259116 (↓0.004438) | best=0.259116@95 | q_scale=0.00000 | gnorm=7.276 | patience=0/30 | ep=38.2s ETA=1h06m01s
[2026-02-28 22:45:36]   [base] ep=0096/200 | lr=5.74e-04 | train=0.11491 | val=0.254906 (↓0.004210) | best=0.254906@96 | q_scale=0.00000 | gnorm=15.183 | patience=0/30 | ep=37.4s ETA=1h05m21s
[2026-02-28 22:46:14]   [base] ep=0097/200 | lr=5.66e-04 | train=0.11148 | val=0.251530 (↓0.003376) | best=0.251530@97 | q_scale=0.00000 | gnorm=12.132 | patience=0/30 | ep=37.8s ETA=1h04m46s
[2026-02-28 22:46:53]   [base] ep=0098/200 | lr=5.58e-04 | train=0.11096 | val=0.247766 (↓0.003764) | best=0.247766@98 | q_scale=0.00000 | gnorm=20.270 | patience=0/30 | ep=38.3s ETA=1h04m16s
[2026-02-28 22:47:31]   [base] ep=0099/200 | lr=5.50e-04 | train=1.87936 | val=0.244014 (↓0.003751) | best=0.244014@99 | q_scale=0.00000 | gnorm=10.567 | patience=0/30 | ep=37.5s ETA=1h03m37s  ⚠ LOSS SPIKE (0.1110→1.8794)
[2026-02-28 22:48:09]   [base] ep=0100/200 | lr=5.41e-04 | train=0.10995 | val=0.240721 (↓0.003294) | best=0.240721@100 | q_scale=0.00000 | gnorm=12.976 | patience=0/30 | ep=37.8s ETA=1h03m00s
[2026-02-28 22:48:47]   [base] ep=0101/200 | lr=5.33e-04 | train=0.11029 | val=0.237536 (↓0.003185) | best=0.237536@101 | q_scale=0.00000 | gnorm=4.813 | patience=0/30 | ep=38.7s ETA=1h02m34s
[2026-02-28 22:49:25]   [base] ep=0102/200 | lr=5.25e-04 | train=0.15154 | val=0.233318 (↓0.004218) | best=0.233318@102 | q_scale=0.00000 | gnorm=13.673 | patience=0/30 | ep=37.6s ETA=1h01m54s
[2026-02-28 22:50:03]   [base] ep=0103/200 | lr=5.17e-04 | train=0.11097 | val=0.231023 (↓0.002295) | best=0.231023@103 | q_scale=0.00000 | gnorm=3.654 | patience=0/30 | ep=37.6s ETA=1h01m14s
[2026-02-28 22:50:41]   [base] ep=0104/200 | lr=5.08e-04 | train=0.10821 | val=0.228434 (↓0.002589) | best=0.228434@104 | q_scale=0.00000 | gnorm=9.305 | patience=0/30 | ep=37.7s ETA=1h00m34s
[2026-02-28 22:51:19]   [base] ep=0105/200 | lr=5.00e-04 | train=0.10955 | val=0.224571 (↓0.003863) | best=0.224571@105 | q_scale=0.00000 | gnorm=4.364 | patience=0/30 | ep=37.8s ETA=59m52s
[2026-02-28 22:51:56]   [base] ep=0106/200 | lr=4.92e-04 | train=0.10715 | val=0.219932 (↓0.004639) | best=0.219932@106 | q_scale=0.00000 | gnorm=11.454 | patience=0/30 | ep=37.7s ETA=59m16s
[2026-02-28 22:52:34]   [base] ep=0107/200 | lr=4.83e-04 | train=0.10941 | val=0.217478 (↓0.002454) | best=0.217478@107 | q_scale=0.00000 | gnorm=7.454 | patience=0/30 | ep=37.6s ETA=58m37s
[2026-02-28 22:53:12]   [base] ep=0108/200 | lr=4.75e-04 | train=0.12394 | val=0.214076 (↓0.003402) | best=0.214076@108 | q_scale=0.00000 | gnorm=13.174 | patience=0/30 | ep=37.7s ETA=57m53s
[2026-02-28 22:53:50]   [base] ep=0109/200 | lr=4.67e-04 | train=0.11248 | val=0.210225 (↓0.003852) | best=0.210225@109 | q_scale=0.00000 | gnorm=10.445 | patience=0/30 | ep=37.5s ETA=57m16s
[2026-02-28 22:54:28]   [base] ep=0110/200 | lr=4.59e-04 | train=0.10609 | val=0.206979 (↓0.003246) | best=0.206979@110 | q_scale=0.00000 | gnorm=14.544 | patience=0/30 | ep=37.8s ETA=56m38s
[2026-02-28 22:55:06]   [base] ep=0111/200 | lr=4.50e-04 | train=0.13542 | val=0.203857 (↓0.003121) | best=0.203857@111 | q_scale=0.00000 | gnorm=3.511 | patience=0/30 | ep=37.8s ETA=55m53s
[2026-02-28 22:55:43]   [base] ep=0112/200 | lr=4.42e-04 | train=0.10591 | val=0.199737 (↓0.004120) | best=0.199737@112 | q_scale=0.00000 | gnorm=5.824 | patience=0/30 | ep=37.5s ETA=55m15s
[2026-02-28 22:56:21]   [base] ep=0113/200 | lr=4.34e-04 | train=0.10573 | val=0.197954 (↓0.001783) | best=0.197954@113 | q_scale=0.00000 | gnorm=7.403 | patience=0/30 | ep=37.6s ETA=54m37s
[2026-02-28 22:56:59]   [base] ep=0114/200 | lr=4.26e-04 | train=0.10526 | val=0.193382 (↓0.004572) | best=0.193382@114 | q_scale=0.00000 | gnorm=11.985 | patience=0/30 | ep=37.6s ETA=53m59s
[2026-02-28 22:57:36]   [base] ep=0115/200 | lr=4.18e-04 | train=0.12950 | val=0.190211 (↓0.003171) | best=0.190211@115 | q_scale=0.00000 | gnorm=12.451 | patience=0/30 | ep=37.6s ETA=53m20s
[2026-02-28 22:58:14]   [base] ep=0116/200 | lr=4.10e-04 | train=0.10471 | val=0.186391 (↓0.003819) | best=0.186391@116 | q_scale=0.00000 | gnorm=10.664 | patience=0/30 | ep=37.8s ETA=52m43s
[2026-02-28 22:58:52]   [base] ep=0117/200 | lr=4.01e-04 | train=0.10491 | val=0.183447 (↓0.002945) | best=0.183447@117 | q_scale=0.00000 | gnorm=2.563 | patience=0/30 | ep=37.7s ETA=52m05s
[2026-02-28 22:59:30]   [base] ep=0118/200 | lr=3.93e-04 | train=0.10408 | val=0.180090 (↓0.003357) | best=0.180090@118 | q_scale=0.00000 | gnorm=11.061 | patience=0/30 | ep=37.8s ETA=51m28s
[2026-02-28 23:00:07]   [base] ep=0119/200 | lr=3.85e-04 | train=0.10300 | val=0.177449 (↓0.002641) | best=0.177449@119 | q_scale=0.00000 | gnorm=5.434 | patience=0/30 | ep=37.6s ETA=50m51s
[2026-02-28 23:00:46]   [base] ep=0120/200 | lr=3.77e-04 | train=0.12002 | val=0.174818 (↓0.002631) | best=0.174818@120 | q_scale=0.00000 | gnorm=6.323 | patience=0/30 | ep=37.7s ETA=50m12s
[2026-02-28 23:01:23]   [base] ep=0121/200 | lr=3.69e-04 | train=0.10176 | val=0.171623 (↓0.003195) | best=0.171623@121 | q_scale=0.00000 | gnorm=4.826 | patience=0/30 | ep=37.9s ETA=49m35s
[2026-02-28 23:02:01]   [base] ep=0122/200 | lr=3.61e-04 | train=0.10293 | val=0.170196 (↓0.001428) | best=0.170196@122 | q_scale=0.00000 | gnorm=11.255 | patience=0/30 | ep=37.7s ETA=48m59s
[2026-02-28 23:02:39]   [base] ep=0123/200 | lr=3.53e-04 | train=0.10143 | val=0.166454 (↓0.003742) | best=0.166454@123 | q_scale=0.00000 | gnorm=10.982 | patience=0/30 | ep=37.7s ETA=48m22s
[2026-02-28 23:03:17]   [base] ep=0124/200 | lr=3.45e-04 | train=0.10151 | val=0.163037 (↓0.003416) | best=0.163037@124 | q_scale=0.00000 | gnorm=8.401 | patience=0/30 | ep=37.9s ETA=47m46s
[2026-02-28 23:03:55]   [base] ep=0125/200 | lr=3.38e-04 | train=0.13415 | val=0.160666 (↓0.002371) | best=0.160666@125 | q_scale=0.00000 | gnorm=9.225 | patience=0/30 | ep=37.8s ETA=47m10s
[2026-02-28 23:04:33]   [base] ep=0126/200 | lr=3.30e-04 | train=0.10072 | val=0.157130 (↓0.003536) | best=0.157130@126 | q_scale=0.00000 | gnorm=10.946 | patience=0/30 | ep=37.7s ETA=46m32s
[2026-02-28 23:05:10]   [base] ep=0127/200 | lr=3.22e-04 | train=0.10105 | val=0.155682 (↓0.001449) | best=0.155682@127 | q_scale=0.00000 | gnorm=6.242 | patience=0/30 | ep=37.8s ETA=45m55s
[2026-02-28 23:05:48]   [base] ep=0128/200 | lr=3.14e-04 | train=0.10006 | val=0.151652 (↓0.004029) | best=0.151652@128 | q_scale=0.00000 | gnorm=18.561 | patience=0/30 | ep=37.7s ETA=45m17s
[2026-02-28 23:06:26]   [base] ep=0129/200 | lr=3.07e-04 | train=0.10046 | val=0.149656 (↓0.001996) | best=0.149656@129 | q_scale=0.00000 | gnorm=7.806 | patience=0/30 | ep=37.8s ETA=44m40s
[2026-02-28 23:07:04]   [base] ep=0130/200 | lr=2.99e-04 | train=0.09952 | val=0.147273 (↓0.002383) | best=0.147273@130 | q_scale=0.00000 | gnorm=2.740 | patience=0/30 | ep=37.8s ETA=44m03s
[2026-02-28 23:07:42]   [base] ep=0131/200 | lr=2.92e-04 | train=0.09946 | val=0.143370 (↓0.003903) | best=0.143370@131 | q_scale=0.00000 | gnorm=5.046 | patience=0/30 | ep=37.9s ETA=43m26s
[2026-02-28 23:08:20]   [base] ep=0132/200 | lr=2.84e-04 | train=0.11267 | val=0.141149 (↓0.002221) | best=0.141149@132 | q_scale=0.00000 | gnorm=3.001 | patience=0/30 | ep=37.7s ETA=42m48s
[2026-02-28 23:08:58]   [base] ep=0133/200 | lr=2.77e-04 | train=0.09926 | val=0.138982 (↓0.002166) | best=0.138982@133 | q_scale=0.00000 | gnorm=1.962 | patience=0/30 | ep=37.7s ETA=42m09s
[2026-02-28 23:09:36]   [base] ep=0134/200 | lr=2.69e-04 | train=0.09901 | val=0.137284 (↓0.001699) | best=0.137284@134 | q_scale=0.00000 | gnorm=3.971 | patience=0/30 | ep=37.6s ETA=41m30s
[2026-02-28 23:10:13]   [base] ep=0135/200 | lr=2.62e-04 | train=0.09865 | val=0.135267 (↓0.002017) | best=0.135267@135 | q_scale=0.00000 | gnorm=2.775 | patience=0/30 | ep=37.5s ETA=40m51s
[2026-02-28 23:10:51]   [base] ep=0136/200 | lr=2.55e-04 | train=0.09774 | val=0.132097 (↓0.003170) | best=0.132097@136 | q_scale=0.00000 | gnorm=4.014 | patience=0/30 | ep=37.5s ETA=40m12s
[2026-02-28 23:11:29]   [base] ep=0137/200 | lr=2.48e-04 | train=0.11156 | val=0.129954 (↓0.002143) | best=0.129954@137 | q_scale=0.00000 | gnorm=5.910 | patience=0/30 | ep=37.5s ETA=39m33s
[2026-02-28 23:12:06]   [base] ep=0138/200 | lr=2.41e-04 | train=0.09777 | val=0.128851 (↓0.001103) | best=0.128851@138 | q_scale=0.00000 | gnorm=13.473 | patience=0/30 | ep=37.6s ETA=38m54s
[2026-02-28 23:12:44]   [base] ep=0139/200 | lr=2.33e-04 | train=0.10307 | val=0.126741 (↓0.002111) | best=0.126741@139 | q_scale=0.00000 | gnorm=15.286 | patience=0/30 | ep=37.5s ETA=38m15s
[2026-02-28 23:13:22]   [base] ep=0140/200 | lr=2.27e-04 | train=0.09658 | val=0.123848 (↓0.002893) | best=0.123848@140 | q_scale=0.00000 | gnorm=8.004 | patience=0/30 | ep=37.7s ETA=37m37s
[2026-02-28 23:14:00]   [base] ep=0141/200 | lr=2.20e-04 | train=0.09705 | val=0.122262 (↓0.001586) | best=0.122262@141 | q_scale=0.00000 | gnorm=24.123 | patience=0/30 | ep=37.6s ETA=36m58s
[2026-02-28 23:14:38]   [base] ep=0142/200 | lr=2.13e-04 | train=0.09691 | val=0.119848 (↓0.002413) | best=0.119848@142 | q_scale=0.00000 | gnorm=14.663 | patience=0/30 | ep=37.6s ETA=36m20s
[2026-02-28 23:15:15]   [base] ep=0143/200 | lr=2.06e-04 | train=0.09589 | val=0.119187 (↓0.000661) | best=0.119187@143 | q_scale=0.00000 | gnorm=2.907 | patience=0/30 | ep=37.6s ETA=35m41s
[2026-02-28 23:15:53]   [base] ep=0144/200 | lr=1.99e-04 | train=0.09616 | val=0.117380 (↓0.001807) | best=0.117380@144 | q_scale=0.00000 | gnorm=10.244 | patience=0/30 | ep=37.6s ETA=35m04s
[2026-02-28 23:16:31]   [base] ep=0145/200 | lr=1.93e-04 | train=0.09674 | val=0.115777 (↓0.001603) | best=0.115777@145 | q_scale=0.00000 | gnorm=9.132 | patience=0/30 | ep=37.6s ETA=34m26s
[2026-02-28 23:17:08]   [base] ep=0146/200 | lr=1.86e-04 | train=0.09538 | val=0.113567 (↓0.002210) | best=0.113567@146 | q_scale=0.00000 | gnorm=13.398 | patience=0/30 | ep=37.6s ETA=33m49s
[2026-02-28 23:17:46]   [base] ep=0147/200 | lr=1.80e-04 | train=0.09601 | val=0.111882 (↓0.001685) | best=0.111882@147 | q_scale=0.00000 | gnorm=2.309 | patience=0/30 | ep=37.6s ETA=33m12s
[2026-02-28 23:18:24]   [base] ep=0148/200 | lr=1.74e-04 | train=0.09518 | val=0.109893 (↓0.001990) | best=0.109893@148 | q_scale=0.00000 | gnorm=4.706 | patience=0/30 | ep=37.8s ETA=32m35s
[2026-02-28 23:19:02]   [base] ep=0149/200 | lr=1.67e-04 | train=0.09530 | val=0.109273 (↓0.000619) | best=0.109273@149 | q_scale=0.00000 | gnorm=3.195 | patience=0/30 | ep=37.6s ETA=31m58s
[2026-02-28 23:19:40]   [base] ep=0150/200 | lr=1.61e-04 | train=0.09513 | val=0.107906 (↓0.001368) | best=0.107906@150 | q_scale=0.00000 | gnorm=4.500 | patience=0/30 | ep=37.6s ETA=31m20s
[2026-02-28 23:20:18]   [base] ep=0151/200 | lr=1.55e-04 | train=0.09469 | val=0.106205 (↓0.001700) | best=0.106205@151 | q_scale=0.00000 | gnorm=3.627 | patience=0/30 | ep=37.7s ETA=30m43s
[2026-02-28 23:20:55]   [base] ep=0152/200 | lr=1.49e-04 | train=0.09510 | val=0.104574 (↓0.001631) | best=0.104574@152 | q_scale=0.00000 | gnorm=7.721 | patience=0/30 | ep=37.6s ETA=30m05s
[2026-02-28 23:21:33]   [base] ep=0153/200 | lr=1.44e-04 | train=0.09445 | val=0.102796 (↓0.001778) | best=0.102796@153 | q_scale=0.00000 | gnorm=4.217 | patience=0/30 | ep=37.5s ETA=29m27s
[2026-02-28 23:22:11]   [base] ep=0154/200 | lr=1.38e-04 | train=0.09396 | val=0.101207 (↓0.001589) | best=0.101207@154 | q_scale=0.00000 | gnorm=3.526 | patience=0/30 | ep=37.7s ETA=28m50s
[2026-02-28 23:22:48]   [base] ep=0155/200 | lr=1.32e-04 | train=0.09436 | val=0.101451 | best=0.101207@154 | q_scale=0.00000 | gnorm=14.725 | patience=1/30 | ep=37.8s ETA=28m13s
[2026-02-28 23:23:26]   [base] ep=0156/200 | lr=1.27e-04 | train=0.09375 | val=0.098896 (↓0.002311) | best=0.098896@156 | q_scale=0.00000 | gnorm=6.452 | patience=0/30 | ep=37.8s ETA=27m37s
[2026-02-28 23:24:04]   [base] ep=0157/200 | lr=1.21e-04 | train=0.09325 | val=0.097973 (↓0.000923) | best=0.097973@157 | q_scale=0.00000 | gnorm=2.715 | patience=0/30 | ep=37.8s ETA=27m00s
[2026-02-28 23:24:42]   [base] ep=0158/200 | lr=1.16e-04 | train=0.09361 | val=0.095918 (↓0.002055) | best=0.095918@158 | q_scale=0.00000 | gnorm=5.331 | patience=0/30 | ep=37.7s ETA=26m22s
[2026-02-28 23:25:20]   [base] ep=0159/200 | lr=1.11e-04 | train=0.09289 | val=0.095620 (↓0.000298) | best=0.095620@159 | q_scale=0.00000 | gnorm=6.101 | patience=0/30 | ep=37.7s ETA=25m45s
[2026-02-28 23:25:58]   [base] ep=0160/200 | lr=1.05e-04 | train=0.09328 | val=0.095081 (↓0.000538) | best=0.095081@160 | q_scale=0.00000 | gnorm=17.354 | patience=0/30 | ep=37.6s ETA=25m07s
[2026-02-28 23:26:36]   [base] ep=0161/200 | lr=1.00e-04 | train=0.09330 | val=0.093707 (↓0.001375) | best=0.093707@161 | q_scale=0.00000 | gnorm=5.428 | patience=0/30 | ep=37.7s ETA=24m30s
[2026-02-28 23:27:14]   [base] ep=0162/200 | lr=9.55e-05 | train=0.09247 | val=0.092652 (↓0.001055) | best=0.092652@162 | q_scale=0.00000 | gnorm=6.718 | patience=0/30 | ep=38.1s ETA=23m54s
[2026-02-28 23:27:52]   [base] ep=0163/200 | lr=9.07e-05 | train=0.09286 | val=0.091355 (↓0.001297) | best=0.091355@163 | q_scale=0.00000 | gnorm=6.697 | patience=0/30 | ep=38.3s ETA=23m19s
[2026-02-28 23:28:30]   [base] ep=0164/200 | lr=8.60e-05 | train=0.09235 | val=0.090126 (↓0.001228) | best=0.090126@164 | q_scale=0.00000 | gnorm=12.968 | patience=0/30 | ep=37.8s ETA=22m42s
[2026-02-28 23:29:08]   [base] ep=0165/200 | lr=8.14e-05 | train=0.09277 | val=0.089219 (↓0.000907) | best=0.089219@165 | q_scale=0.00000 | gnorm=6.506 | patience=0/30 | ep=37.7s ETA=22m04s
[2026-02-28 23:29:46]   [base] ep=0166/200 | lr=7.70e-05 | train=0.09194 | val=0.088925 (↓0.000294) | best=0.088925@166 | q_scale=0.00000 | gnorm=5.391 | patience=0/30 | ep=37.6s ETA=21m25s
[2026-02-28 23:30:23]   [base] ep=0167/200 | lr=7.26e-05 | train=0.09236 | val=0.087412 (↓0.001513) | best=0.087412@167 | q_scale=0.00000 | gnorm=10.115 | patience=0/30 | ep=37.6s ETA=20m47s
[2026-02-28 23:31:02]   [base] ep=0168/200 | lr=6.84e-05 | train=0.09184 | val=0.087383 (↓0.000029) | best=0.087383@168 | q_scale=0.00000 | gnorm=5.327 | patience=0/30 | ep=38.3s ETA=20m11s
[2026-02-28 23:31:40]   [base] ep=0169/200 | lr=6.43e-05 | train=0.09107 | val=0.085909 (↓0.001474) | best=0.085909@169 | q_scale=0.00000 | gnorm=7.327 | patience=0/30 | ep=37.7s ETA=19m33s
[2026-02-28 23:32:17]   [base] ep=0170/200 | lr=6.03e-05 | train=0.09124 | val=0.085070 (↓0.000839) | best=0.085070@170 | q_scale=0.00000 | gnorm=7.446 | patience=0/30 | ep=37.6s ETA=18m55s
[2026-02-28 23:33:33]   [base] ep=0172/200 | lr=5.26e-05 | train=0.09096 | val=0.084069 (↓0.001001) | best=0.084069@172 | q_scale=0.00000 | gnorm=3.997 | patience=0/30 | ep=37.8s ETA=17m39s
[2026-02-28 23:34:11]   [base] ep=0173/200 | lr=4.90e-05 | train=0.09024 | val=0.083090 (↓0.000979) | best=0.083090@173 | q_scale=0.00000 | gnorm=8.893 | patience=0/30 | ep=37.7s ETA=16m59s
[2026-02-28 23:35:26]   [base] ep=0175/200 | lr=4.21e-05 | train=0.09097 | val=0.082499 (↓0.000590) | best=0.082499@175 | q_scale=0.00000 | gnorm=10.671 | patience=0/30 | ep=37.7s ETA=15m43s
[2026-02-28 23:36:04]   [base] ep=0176/200 | lr=3.89e-05 | train=0.09112 | val=0.081730 (↓0.000769) | best=0.081730@176 | q_scale=0.00000 | gnorm=3.160 | patience=0/30 | ep=37.8s ETA=15m06s
[2026-02-28 23:36:42]   [base] ep=0177/200 | lr=3.57e-05 | train=0.09060 | val=0.081431 (↓0.000299) | best=0.081431@177 | q_scale=0.00000 | gnorm=10.028 | patience=0/30 | ep=37.7s ETA=14m28s
[2026-02-28 23:37:20]   [base] ep=0178/200 | lr=3.27e-05 | train=0.09065 | val=0.081358 (↓0.000074) | best=0.081358@178 | q_scale=0.00000 | gnorm=7.309 | patience=0/30 | ep=38.0s ETA=13m50s
[2026-02-28 23:37:58]   [base] ep=0179/200 | lr=2.98e-05 | train=0.09012 | val=0.081137 (↓0.000221) | best=0.081137@179 | q_scale=0.00000 | gnorm=6.053 | patience=0/30 | ep=38.0s ETA=13m13s
[2026-02-28 23:38:36]   [base] ep=0180/200 | lr=2.71e-05 | train=0.09048 | val=0.079601 (↓0.001535) | best=0.079601@180 | q_scale=0.00000 | gnorm=3.446 | patience=0/30 | ep=37.8s ETA=12m35s
[2026-02-28 23:39:52]   [base] ep=0182/200 | lr=2.20e-05 | train=0.08979 | val=0.079253 (↓0.000348) | best=0.079253@182 | q_scale=0.00000 | gnorm=2.322 | patience=0/30 | ep=37.8s ETA=11m20s
[2026-02-28 23:41:08]   [base] ep=0184/200 | lr=1.74e-05 | train=0.08985 | val=0.078861 (↓0.000392) | best=0.078861@184 | q_scale=0.00000 | gnorm=3.008 | patience=0/30 | ep=37.9s ETA=10m05s
[2026-02-28 23:41:46]   [base] ep=0185/200 | lr=1.53e-05 | train=0.09035 | val=0.078758 (↓0.000103) | best=0.078758@185 | q_scale=0.00000 | gnorm=5.270 | patience=0/30 | ep=37.8s ETA=9m27s
[2026-02-28 23:42:24]   [base] ep=0186/200 | lr=1.33e-05 | train=0.08975 | val=0.078612 (↓0.000146) | best=0.078612@186 | q_scale=0.00000 | gnorm=11.997 | patience=0/30 | ep=37.7s ETA=8m49s
[2026-02-28 23:43:01]   [base] ep=0187/200 | lr=1.15e-05 | train=0.08979 | val=0.077321 (↓0.001291) | best=0.077321@187 | q_scale=0.00000 | gnorm=10.063 | patience=0/30 | ep=37.7s ETA=8m11s
[2026-02-28 23:43:39]   [base] ep=0188/200 | lr=9.81e-06 | train=0.08937 | val=0.077305 (↓0.000016) | best=0.077305@188 | q_scale=0.00000 | gnorm=2.338 | patience=0/30 | ep=37.7s ETA=7m33s
[2026-02-28 23:44:17]   [base] ep=0189/200 | lr=8.25e-06 | train=0.08959 | val=0.076599 (↓0.000706) | best=0.076599@189 | q_scale=0.00000 | gnorm=7.268 | patience=0/30 | ep=37.7s ETA=6m55s
[2026-02-28 23:44:55]   [base] ep=0190/200 | lr=6.82e-06 | train=0.08986 | val=0.076229 (↓0.000370) | best=0.076229@190 | q_scale=0.00000 | gnorm=7.919 | patience=0/30 | ep=37.9s ETA=6m17s
[2026-02-28 23:48:04]   [base] ep=0195/200 | lr=1.71e-06 | train=0.08913 | val=0.076269 | best=0.076229@190 | q_scale=0.00000 | gnorm=1.958 | patience=5/30 | ep=37.7s ETA=3m08s
[2026-02-28 23:48:42]   [base] ep=0196/200 | lr=1.09e-06 | train=0.08920 | val=0.076073 (↓0.000156) | best=0.076073@196 | q_scale=0.00000 | gnorm=7.222 | patience=0/30 | ep=37.7s ETA=2m31s
[2026-02-28 23:49:21]   [base] ep=0197/200 | lr=6.15e-07 | train=0.08934 | val=0.075554 (↓0.000519) | best=0.075554@197 | q_scale=0.00000 | gnorm=4.814 | patience=0/30 | ep=38.4s ETA=1m53s
[2026-02-28 23:49:59]   [base] ep=0198/200 | lr=2.73e-07 | train=0.08944 | val=0.075372 (↓0.000182) | best=0.075372@198 | q_scale=0.00000 | gnorm=6.011 | patience=0/30 | ep=37.8s ETA=1m15s
[2026-02-28 23:50:36]   [base] ep=0199/200 | lr=6.83e-08 | train=0.08922 | val=0.074926 (↓0.000446) | best=0.074926@199 | q_scale=0.00000 | gnorm=9.828 | patience=0/30 | ep=37.8s ETA=37s
[2026-02-28 23:51:15]   [base] ep=0200/200 | lr=0.00e+00 | train=0.08970 | val=0.074661 (↓0.000265) | best=0.074661@200 | q_scale=0.00000 | gnorm=7.747 | patience=0/30 | ep=37.8s ETA=0s
[2026-02-28 23:51:15] --------------------------------------------------------------------------------
[2026-02-28 23:51:15]   [base] COMPLETE in 2h06m09s
[2026-02-28 23:51:15]   [base] Best val MAE : 0.074661 @ epoch 200
[2026-02-28 23:51:15]   [base] Final q_scale: 0.000000
[2026-02-28 23:51:15]   [base] Avg epoch time: 37.7s
[2026-02-28 23:51:15]   GPU mem: 0.11GB alloc / 19.44GB reserved
[2026-02-28 23:51:15] --------------------------------------------------------------------------------
[2026-02-28 23:51:15]   [base] best_val=0.074661 | q_scale=0.0000
[2026-02-28 23:51:15] ================================================================================
[2026-02-28 23:51:15]   STAGE TRANSITION: base → quantum
[2026-02-28 23:51:15] ================================================================================
[2026-02-28 23:51:15]   freeze_base_during_quantum=True
[2026-02-28 23:51:16] ================================================================================
[2026-02-28 23:51:16]   STAGE: QUANTUM
[2026-02-28 23:51:16]   Trainable params : 5,502
[2026-02-28 23:51:16]   Epochs / Patience: 60 / 20
[2026-02-28 23:51:16]   LR / WD          : 3.00e-04 / 3.00e-04
[2026-02-28 23:51:16]   Scheduler        : cosine (warmup=10)
[2026-02-28 23:51:16]   Loss             : l1
[2026-02-28 23:51:16]   EMA              : True (decay=0.9999)
[2026-02-28 23:51:16]   GPU mem: 0.07GB alloc / 19.44GB reserved
[2026-02-28 23:51:16] ================================================================================
[2026-02-28 23:52:11]   [quantum] ep=0001/60 | lr=5.70e-05 | train=0.08931 | val=0.059872 | best=0.059872@1 | q_scale=-0.00016 | gnorm=5.000 | patience=0/20 | ep=54.3s ETA=53m21s
[2026-02-28 23:52:58]   [quantum] ep=0002/60 | lr=8.40e-05 | train=0.08998 | val=0.059836 (↓0.000037) | best=0.059836@2 | q_scale=-0.00472 | gnorm=5.000 | patience=0/20 | ep=46.7s ETA=48m48s
[2026-02-28 23:53:44]   [quantum] ep=0003/60 | lr=1.11e-04 | train=0.08930 | val=0.059841 | best=0.059836@2 | q_scale=-0.00697 | gnorm=5.000 | patience=1/20 | ep=46.5s ETA=46m41s
[2026-02-28 23:54:28]   [quantum] ep=0004/60 | lr=1.38e-04 | train=0.08943 | val=0.059866 | best=0.059836@2 | q_scale=-0.00704 | gnorm=5.000 | patience=2/20 | ep=44.4s ETA=44m45s
[2026-02-28 23:55:16]   [quantum] ep=0005/60 | lr=1.65e-04 | train=0.08940 | val=0.059848 | best=0.059836@2 | q_scale=-0.00554 | gnorm=5.000 | patience=3/20 | ep=47.3s ETA=43m50s
[2026-02-28 23:56:01]   [quantum] ep=0006/60 | lr=1.92e-04 | train=0.08902 | val=0.059870 | best=0.059836@2 | q_scale=-0.00485 | gnorm=5.000 | patience=4/20 | ep=45.5s ETA=42m41s
[2026-02-28 23:56:47]   [quantum] ep=0007/60 | lr=2.19e-04 | train=0.08850 | val=0.059891 | best=0.059836@2 | q_scale=-0.00767 | gnorm=5.000 | patience=5/20 | ep=45.5s ETA=41m39s
[2026-02-28 23:57:30]   [quantum] ep=0008/60 | lr=2.46e-04 | train=0.08884 | val=0.059863 | best=0.059836@2 | q_scale=-0.00750 | gnorm=5.000 | patience=6/20 | ep=43.0s ETA=40m25s
[2026-02-28 23:58:14]   [quantum] ep=0009/60 | lr=2.73e-04 | train=0.08887 | val=0.059888 | best=0.059836@2 | q_scale=-0.00541 | gnorm=5.000 | patience=7/20 | ep=43.8s ETA=39m22s
[2026-02-28 23:58:58]   [quantum] ep=0010/60 | lr=3.00e-04 | train=0.08930 | val=0.059875 | best=0.059836@2 | q_scale=-0.00513 | gnorm=5.000 | patience=8/20 | ep=43.9s ETA=38m24s
[2026-03-01 00:00:26]   [quantum] ep=0012/60 | lr=2.99e-04 | train=0.08905 | val=0.059833 (↓0.000003) | best=0.059833@12 | q_scale=-0.00663 | gnorm=5.000 | patience=0/20 | ep=44.3s ETA=35m52s
[2026-03-01 00:02:44]   [quantum] ep=0015/60 | lr=2.93e-04 | train=0.08918 | val=0.059900 | best=0.059833@12 | q_scale=-0.00167 | gnorm=5.000 | patience=3/20 | ep=46.6s ETA=33m37s
[2026-03-01 00:05:02]   [quantum] ep=0018/60 | lr=2.81e-04 | train=0.08900 | val=0.059827 (↓0.000006) | best=0.059827@18 | q_scale=-0.00096 | gnorm=5.000 | patience=0/20 | ep=45.4s ETA=31m38s
[2026-03-01 00:06:33]   [WARN] q contribution only 0.047% — quantum head may be stuck
[2026-03-01 00:06:33]   [quantum] ep=0020/60 | lr=2.71e-04 | train=0.08941 | val=0.059900 | best=0.059827@18 | q_scale=-0.00905 | gnorm=5.000 | patience=2/20 | ep=45.5s ETA=30m20s
[2026-03-01 00:10:20]   [quantum] ep=0025/60 | lr=2.38e-04 | train=0.08928 | val=0.059902 | best=0.059827@18 | q_scale=-0.00069 | gnorm=5.000 | patience=7/20 | ep=48.1s ETA=26m33s
[2026-03-01 00:14:09]   [WARN] q contribution only 0.000% — quantum head may be stuck
[2026-03-01 00:14:09]   [quantum] ep=0030/60 | lr=1.96e-04 | train=0.08940 | val=0.059851 | best=0.059827@18 | q_scale=0.00006 | gnorm=5.000 | patience=12/20 | ep=45.2s ETA=22m46s
[2026-03-01 00:17:54]   [quantum] ep=0035/60 | lr=1.50e-04 | train=0.08950 | val=0.059880 | best=0.059827@18 | q_scale=0.00153 | gnorm=5.000 | patience=17/20 | ep=46.1s ETA=18m54s
[2026-03-01 00:20:12]   [quantum] Early stop @ ep=38
[2026-03-01 00:20:12]   [quantum] Best val=0.059827 @ epoch 18
[2026-03-01 00:20:12] --------------------------------------------------------------------------------
[2026-03-01 00:20:12]   [quantum] COMPLETE in 28m56s
[2026-03-01 00:20:12]   [quantum] Best val MAE : 0.059827 @ epoch 18
[2026-03-01 00:20:12]   [quantum] Final q_scale: 0.000018
[2026-03-01 00:20:12]   [quantum] Avg epoch time: 45.7s
[2026-03-01 00:20:12]   GPU mem: 0.07GB alloc / 19.44GB reserved
[2026-03-01 00:20:12] --------------------------------------------------------------------------------
[2026-03-01 00:20:12]   [quantum] best_val=0.059827 | improvement over base: 0.014834 (19.87%)
[2026-03-01 00:20:12]   [quantum] q_scale=0.000018
[2026-03-01 00:20:12] ================================================================================
[2026-03-01 00:20:12]   STAGE TRANSITION: quantum → finetune
[2026-03-01 00:20:12] ================================================================================
[2026-03-01 00:20:12]   unfreeze_last_block_finetune=True
[2026-03-01 00:20:13] ================================================================================
[2026-03-01 00:20:13]   STAGE: FINETUNE
[2026-03-01 00:20:13]   Trainable params : 1,452,927
[2026-03-01 00:20:13]   Epochs / Patience: 30 / 15
[2026-03-01 00:20:13]   LR / WD          : 5.00e-05 / 3.00e-04
[2026-03-01 00:20:13]   Scheduler        : cosine (warmup=10)
[2026-03-01 00:20:13]   Loss             : l1
[2026-03-01 00:20:13]   EMA              : True (decay=0.9999)
[2026-03-01 00:20:13]   GPU mem: 0.07GB alloc / 19.44GB reserved
[2026-03-01 00:20:13] ================================================================================
[2026-03-01 00:21:13]   [finetune] ep=0001/30 | lr=9.50e-06 | train=0.08891 | val=0.059856 | best=0.059856@1 | q_scale=0.00001 | gnorm=5.597 | patience=0/15 | ep=59.3s ETA=28m40s
[2026-03-01 00:22:06]   [finetune] ep=0002/30 | lr=1.40e-05 | train=0.08890 | val=0.059716 (↓0.000140) | best=0.059716@2 | q_scale=-0.00003 | gnorm=3.885 | patience=0/15 | ep=53.1s ETA=26m14s
[2026-03-01 00:22:58]   [finetune] ep=0003/30 | lr=1.85e-05 | train=0.08980 | val=0.059665 (↓0.000050) | best=0.059665@3 | q_scale=0.00001 | gnorm=9.099 | patience=0/15 | ep=51.8s ETA=24m38s
[2026-03-01 00:23:48]   [finetune] ep=0004/30 | lr=2.30e-05 | train=0.08947 | val=0.059598 (↓0.000067) | best=0.059598@4 | q_scale=-0.00000 | gnorm=4.060 | patience=0/15 | ep=49.5s ETA=23m08s
[2026-03-01 00:24:36]   [finetune] ep=0005/30 | lr=2.75e-05 | train=0.08945 | val=0.059905 | best=0.059598@4 | q_scale=0.00001 | gnorm=3.143 | patience=1/15 | ep=48.4s ETA=21m50s
[2026-03-01 00:25:27]   [finetune] ep=0006/30 | lr=3.20e-05 | train=0.08982 | val=0.060034 | best=0.059598@4 | q_scale=0.00002 | gnorm=5.326 | patience=2/15 | ep=50.3s ETA=20m49s
[2026-03-01 00:26:16]   [finetune] ep=0007/30 | lr=3.65e-05 | train=0.08973 | val=0.059805 | best=0.059598@4 | q_scale=-0.00000 | gnorm=3.364 | patience=3/15 | ep=49.6s ETA=19m49s
[2026-03-01 00:27:04]   [finetune] ep=0008/30 | lr=4.10e-05 | train=0.08936 | val=0.059877 | best=0.059598@4 | q_scale=0.00007 | gnorm=4.589 | patience=4/15 | ep=48.0s ETA=18m47s
[2026-03-01 00:27:53]   [finetune] ep=0009/30 | lr=4.55e-05 | train=0.09000 | val=0.059992 | best=0.059598@4 | q_scale=0.00000 | gnorm=8.825 | patience=5/15 | ep=48.8s ETA=17m50s
[2026-03-01 00:28:42]   [finetune] ep=0010/30 | lr=5.00e-05 | train=0.09041 | val=0.059821 | best=0.059598@4 | q_scale=-0.00001 | gnorm=8.396 | patience=6/15 | ep=48.8s ETA=16m55s
[2026-03-01 00:32:44]   [finetune] ep=0015/30 | lr=4.27e-05 | train=0.08920 | val=0.060078 | best=0.059598@4 | q_scale=-0.00001 | gnorm=7.980 | patience=11/15 | ep=47.1s ETA=12m11s
[2026-03-01 00:35:53]   [finetune] Early stop @ ep=19
[2026-03-01 00:35:53]   [finetune] Best val=0.059598 @ epoch 4
[2026-03-01 00:35:53] --------------------------------------------------------------------------------
[2026-03-01 00:35:53]   [finetune] COMPLETE in 15m39s
[2026-03-01 00:35:53]   [finetune] Best val MAE : 0.059598 @ epoch 4
[2026-03-01 00:35:53]   [finetune] Final q_scale: -0.000002
[2026-03-01 00:35:53]   [finetune] Avg epoch time: 49.4s
[2026-03-01 00:35:53]   GPU mem: 0.08GB alloc / 19.44GB reserved
[2026-03-01 00:35:53] --------------------------------------------------------------------------------
[2026-03-01 00:35:53]   [finetune] best_val=0.059598 | improvement over quantum: 0.000229
[2026-03-01 00:35:53]   [finetune] q_scale=-0.000002
[2026-03-01 00:36:00] ================================================================================
[2026-03-01 00:36:00]   FINAL RESULTS
[2026-03-01 00:36:00] ================================================================================
[2026-03-01 00:36:00]   Tag      : t0_qv8_h256_L4_p4_Lq2_z+zz_split0_train3
[2026-03-01 00:36:00]   Val  MAE : 0.059442
[2026-03-01 00:36:00]   Test MAE : 0.059445
[2026-03-01 00:36:00]   q_scale  : -0.000002
[2026-03-01 00:36:00]   Best epoch (overall): 4
[2026-03-01 00:36:00]   Stage MAEs — base: 0.074661 | quantum: 0.059827 | finetune: 0.059598
[2026-03-01 00:36:00]   Total quantum+finetune gain: 0.015219 (20.38% over base)
[2026-03-01 00:36:00]   Ckpt : runs_qgine_v9/target0/qgine_v10_full_20260228_214429/split0/train3/best_t0_qv8_h256_L4_p4_Lq2_z+zz_split0_train3.pt
[2026-03-01 00:36:00]   Log  : runs_qgine_v9/target0/qgine_v10_full_20260228_214429/split0/train3/log_t0_qv8_h256_L4_p4_Lq2_z+zz_split0_train3.csv
[2026-03-01 00:36:00]   Qdiag: runs_qgine_v9/target0/qgine_v10_full_20260228_214429/split0/train3/qdiag_t0_qv8_h256_L4_p4_Lq2_z+zz_split0_train3.csv
[2026-03-01 00:36:00] ================================================================================
[2026-03-01 00:36:02] ================================================================================
[2026-03-01 00:36:02]   ALL RUNS COMPLETE
[2026-03-01 00:36:02] ================================================================================
[2026-03-01 00:36:02]   BEST: t0_qv8_h256_L4_p4_Lq2_z+zz_split0_train3
[2026-03-01 00:36:02]   val=0.059442 | test=0.059445 | q_scale=-0.000002
[2026-03-01 00:36:02]   summary: runs_qgine_v9/target0/qgine_v10_full_20260228_214429/split0/train3/summary.csv
