nohup: ignoring input
[2026-03-02 17:28:31] ================================================================================
[2026-03-02 17:28:31]   QGINE v10 — STARTUP
[2026-03-02 17:28:31] ================================================================================
[2026-03-02 17:28:31]   exp_name   : qgine_v10_full_seed020260302_172805
[2026-03-02 17:28:31]   target_idx : 0
[2026-03-02 17:28:31]   split_seed : 0  train_seed: 0
[2026-03-02 17:28:31]   Device     : cuda
[2026-03-02 17:28:31]   GPU        : NVIDIA GeForce RTX 5090
[2026-03-02 17:28:31]   VRAM       : 31.4 GB
[2026-03-02 17:28:31]   PyTorch    : 2.8.0+cu128
[2026-03-02 17:28:31]   PennyLane  : 0.44.0
[2026-03-02 17:28:31]   Python     : 3.11.14
[2026-03-02 17:28:31] ================================================================================
[Cache] Loaded edges+triplets from: /workspace/QGINE_run/op2_cache_v9/op2_radius_rad4_k12_mnn64
[2026-03-02 17:29:05]   [Cache]  dir=/workspace/QGINE_run/op2_cache_v9/op2_radius_rad4_k12_mnn64
[2026-03-02 17:29:05]   [Split]  train/val/test = 104664/13083/13084
[2026-03-02 17:29:05]   [Norm]   y_mean=2.671530 y_std=1.504882
[2026-03-02 17:29:05]   [3Body]  use_3body=True angle_rbf_bins=48
[2026-03-02 17:29:05]   [Quantum] p=4 Lq=2 measure=z+zz diff=backprop device=default.qubit
[2026-03-02 17:29:05]   [Stages] base=200 quantum=60 finetune=30
[2026-03-02 17:29:05]   [Freeze] base_during_quantum=True last_block_finetune=True

================================================================================
RUN: hidden=256 layers=4 target=0
[2026-03-02 17:29:05]   batch_size_quantum=512
[2026-03-02 17:29:07]   Mean baseline MAE (val): 1.177110
[2026-03-02 17:29:08] ================================================================================
[2026-03-02 17:29:08]   MODEL SUMMARY: t0_qv8_h256_L4_p4_Lq2_z+zz_split0_train0
[2026-03-02 17:29:08]   Architecture   : hidden=256 layers=4 readout=add+mean
[2026-03-02 17:29:08]   3-body         : use_3body=True angle_rbf_bins=48
[2026-03-02 17:29:08]   Bond GINE      : layers=2 mode=interleave use_dist=True
[2026-03-02 17:29:08]   Quantum head   : p=4 Lq=2 measure=z+zz diff=backprop
[2026-03-02 17:29:08]   Total params   : 4,802,175
[2026-03-02 17:29:08]   Base params    : 4,796,673
[2026-03-02 17:29:08]   Quantum params : 377
[2026-03-02 17:29:08]   Input node dim : 11  |  Bond edge dim: 4
[2026-03-02 17:29:08]   Device         : cuda  |  AMP: True (bf16)
[2026-03-02 17:29:08]   GPU mem: 0.02GB alloc / 0.09GB reserved
[2026-03-02 17:29:08] ================================================================================
[2026-03-02 17:29:08] ================================================================================
[2026-03-02 17:29:08]   STAGE: BASE
[2026-03-02 17:29:08]   Trainable params : 4,796,673
[2026-03-02 17:29:08]   Epochs / Patience: 200 / 30
[2026-03-02 17:29:08]   LR / WD          : 3.00e-04 / 1.00e-05
[2026-03-02 17:29:08]   Scheduler        : cosine (warmup=10)
[2026-03-02 17:29:08]   Loss             : l1
[2026-03-02 17:29:08]   EMA              : True (decay=0.9999)
[2026-03-02 17:29:08]   GPU mem: 0.04GB alloc / 0.11GB reserved
[2026-03-02 17:29:08] ================================================================================
[2026-03-02 17:29:38]   [base] ep=0001/200 | lr=5.70e-05 | train=1.12174 | val=6.843035 | best=6.843035@1 | q_scale=0.00000 | gnorm=48.237 | patience=0/30 | ep=29.4s ETA=1h37m25s
[2026-03-02 17:30:06]   [base] ep=0002/200 | lr=8.40e-05 | train=0.85285 | val=6.469515 (↓0.373521) | best=6.469515@2 | q_scale=0.00000 | gnorm=33.044 | patience=0/30 | ep=28.1s ETA=1h34m49s
[2026-03-02 17:30:32]   [base] ep=0003/200 | lr=1.11e-04 | train=0.68547 | val=6.094403 (↓0.375112) | best=6.094403@3 | q_scale=0.00000 | gnorm=18.920 | patience=0/30 | ep=26.4s ETA=1h31m50s
[2026-03-02 17:30:58]   [base] ep=0004/200 | lr=1.38e-04 | train=0.56091 | val=5.722589 (↓0.371814) | best=5.722589@4 | q_scale=0.00000 | gnorm=7.587 | patience=0/30 | ep=25.6s ETA=1h29m27s
[2026-03-02 17:31:26]   [base] ep=0005/200 | lr=1.65e-04 | train=0.41321 | val=5.329303 (↓0.393286) | best=5.329303@5 | q_scale=0.00000 | gnorm=6.697 | patience=0/30 | ep=27.9s ETA=1h29m18s
[2026-03-02 17:31:52]   [base] ep=0006/200 | lr=1.92e-04 | train=0.34579 | val=5.017596 (↓0.311707) | best=5.017596@6 | q_scale=0.00000 | gnorm=6.113 | patience=0/30 | ep=25.4s ETA=1h27m44s
[2026-03-02 17:32:17]   [base] ep=0007/200 | lr=2.19e-04 | train=0.31292 | val=4.771162 (↓0.246434) | best=4.771162@7 | q_scale=0.00000 | gnorm=2.480 | patience=0/30 | ep=25.4s ETA=1h26m29s
[2026-03-02 17:32:43]   [base] ep=0008/200 | lr=2.46e-04 | train=0.29296 | val=4.420246 (↓0.350916) | best=4.420246@8 | q_scale=0.00000 | gnorm=4.823 | patience=0/30 | ep=25.4s ETA=1h25m26s
[2026-03-02 17:33:08]   [base] ep=0009/200 | lr=2.73e-04 | train=0.27225 | val=4.093223 (↓0.327023) | best=4.093223@9 | q_scale=0.00000 | gnorm=7.787 | patience=0/30 | ep=25.5s ETA=1h24m33s
/workspace/miniconda3/envs/qgine/lib/python3.11/site-packages/torch/optim/lr_scheduler.py:209: UserWarning: The epoch parameter in `scheduler.step()` was not necessary and is being deprecated where possible. Please use `scheduler.step()` to step the scheduler. During the deprecation, if epoch is different from None, the closed form is used instead of the new chainable form, where available. Please open an issue if you are unable to replicate your use case: https://github.com/pytorch/pytorch/issues/new/choose.
  warnings.warn(EPOCH_DEPRECATION_WARNING, UserWarning)
[2026-03-02 17:33:37]   [base] ep=0010/200 | lr=3.00e-04 | train=0.25999 | val=3.720884 (↓0.372339) | best=3.720884@10 | q_scale=0.00000 | gnorm=6.261 | patience=0/30 | ep=28.6s ETA=1h24m45s
[2026-03-02 17:34:03]   [base] ep=0011/200 | lr=3.00e-04 | train=0.25023 | val=3.301660 (↓0.419224) | best=3.301660@11 | q_scale=0.00000 | gnorm=1.289 | patience=0/30 | ep=25.5s ETA=1h23m04s
[2026-03-02 17:34:28]   [base] ep=0012/200 | lr=3.00e-04 | train=0.23006 | val=2.976728 (↓0.324932) | best=2.976728@12 | q_scale=0.00000 | gnorm=2.479 | patience=0/30 | ep=25.4s ETA=1h21m48s
[2026-03-02 17:34:54]   [base] ep=0013/200 | lr=3.00e-04 | train=0.21996 | val=2.746768 (↓0.229960) | best=2.746768@13 | q_scale=0.00000 | gnorm=1.470 | patience=0/30 | ep=25.4s ETA=1h21m02s
[2026-03-02 17:35:20]   [base] ep=0014/200 | lr=3.00e-04 | train=0.20973 | val=2.468822 (↓0.277946) | best=2.468822@14 | q_scale=0.00000 | gnorm=3.912 | patience=0/30 | ep=25.9s ETA=1h20m41s
[2026-03-02 17:35:46]   [base] ep=0015/200 | lr=2.99e-04 | train=0.20102 | val=2.208518 (↓0.260303) | best=2.208518@15 | q_scale=0.00000 | gnorm=2.728 | patience=0/30 | ep=26.2s ETA=1h19m44s
[2026-03-02 17:36:13]   [base] ep=0016/200 | lr=2.99e-04 | train=0.19216 | val=2.079131 (↓0.129387) | best=2.079131@16 | q_scale=0.00000 | gnorm=3.482 | patience=0/30 | ep=26.7s ETA=1h19m41s
[2026-03-02 17:36:38]   [base] ep=0017/200 | lr=2.99e-04 | train=0.18897 | val=1.906074 (↓0.173056) | best=1.906074@17 | q_scale=0.00000 | gnorm=3.604 | patience=0/30 | ep=25.2s ETA=1h19m13s
[2026-03-02 17:37:04]   [base] ep=0018/200 | lr=2.99e-04 | train=0.17986 | val=1.741734 (↓0.164341) | best=1.741734@18 | q_scale=0.00000 | gnorm=1.358 | patience=0/30 | ep=25.4s ETA=1h18m47s
[2026-03-02 17:37:29]   [base] ep=0019/200 | lr=2.98e-04 | train=0.17981 | val=1.531602 (↓0.210132) | best=1.531602@19 | q_scale=0.00000 | gnorm=5.366 | patience=0/30 | ep=25.4s ETA=1h18m20s
[2026-03-02 17:37:55]   [base] ep=0020/200 | lr=2.98e-04 | train=0.17686 | val=1.420712 (↓0.110889) | best=1.420712@20 | q_scale=0.00000 | gnorm=6.159 | patience=0/30 | ep=25.4s ETA=1h16m56s
[2026-03-02 17:38:21]   [base] ep=0021/200 | lr=2.98e-04 | train=0.16737 | val=1.381764 (↓0.038948) | best=1.381764@21 | q_scale=0.00000 | gnorm=5.784 | patience=0/30 | ep=25.3s ETA=1h16m27s
[2026-03-02 17:40:04]   [base] ep=0025/200 | lr=2.95e-04 | train=0.15602 | val=1.482378 | best=1.381764@21 | q_scale=0.00000 | gnorm=3.822 | patience=4/30 | ep=25.3s ETA=1h14m46s
[2026-03-02 17:42:13]   [base] ep=0030/200 | lr=2.92e-04 | train=0.14421 | val=1.815171 | best=1.381764@21 | q_scale=0.00000 | gnorm=1.074 | patience=9/30 | ep=26.6s ETA=1h13m01s
[2026-03-02 17:44:22]   [base] ep=0035/200 | lr=2.87e-04 | train=0.13623 | val=1.563137 | best=1.381764@21 | q_scale=0.00000 | gnorm=2.321 | patience=14/30 | ep=25.5s ETA=1h11m07s
[2026-03-02 17:45:41]   [base] ep=0038/200 | lr=2.84e-04 | train=0.12920 | val=1.375201 (↓0.006563) | best=1.375201@38 | q_scale=0.00000 | gnorm=28.968 | patience=0/30 | ep=26.1s ETA=1h09m59s
[2026-03-02 17:46:06]   [base] ep=0039/200 | lr=2.83e-04 | train=0.12927 | val=1.341755 (↓0.033446) | best=1.341755@39 | q_scale=0.00000 | gnorm=2.422 | patience=0/30 | ep=25.4s ETA=1h09m36s
[2026-03-02 17:46:33]   [base] ep=0040/200 | lr=2.82e-04 | train=0.13428 | val=1.296411 (↓0.045344) | best=1.296411@40 | q_scale=0.00000 | gnorm=3.617 | patience=0/30 | ep=26.4s ETA=1h09m07s
[2026-03-02 17:46:59]   [base] ep=0041/200 | lr=2.81e-04 | train=0.12550 | val=1.248935 (↓0.047476) | best=1.248935@41 | q_scale=0.00000 | gnorm=1.139 | patience=0/30 | ep=25.5s ETA=1h08m44s
[2026-03-02 17:47:24]   [base] ep=0042/200 | lr=2.79e-04 | train=0.12503 | val=1.194062 (↓0.054874) | best=1.194062@42 | q_scale=0.00000 | gnorm=2.737 | patience=0/30 | ep=25.5s ETA=1h08m17s
[2026-03-02 17:47:50]   [base] ep=0043/200 | lr=2.78e-04 | train=0.12322 | val=1.139703 (↓0.054359) | best=1.139703@43 | q_scale=0.00000 | gnorm=0.998 | patience=0/30 | ep=25.5s ETA=1h07m48s
[2026-03-02 17:48:17]   [base] ep=0044/200 | lr=2.77e-04 | train=0.12091 | val=1.106013 (↓0.033690) | best=1.106013@44 | q_scale=0.00000 | gnorm=3.911 | patience=0/30 | ep=27.2s ETA=1h07m24s
[2026-03-02 17:48:43]   [base] ep=0045/200 | lr=2.76e-04 | train=0.12253 | val=1.054794 (↓0.051219) | best=1.054794@45 | q_scale=0.00000 | gnorm=2.706 | patience=0/30 | ep=25.6s ETA=1h06m59s
[2026-03-02 17:49:09]   [base] ep=0046/200 | lr=2.74e-04 | train=0.11904 | val=0.995237 (↓0.059557) | best=0.995237@46 | q_scale=0.00000 | gnorm=2.923 | patience=0/30 | ep=26.5s ETA=1h06m47s
[2026-03-02 17:49:35]   [base] ep=0047/200 | lr=2.73e-04 | train=0.11929 | val=0.937626 (↓0.057611) | best=0.937626@47 | q_scale=0.00000 | gnorm=3.887 | patience=0/30 | ep=25.6s ETA=1h06m06s
[2026-03-02 17:50:01]   [base] ep=0048/200 | lr=2.71e-04 | train=0.12411 | val=0.888043 (↓0.049582) | best=0.888043@48 | q_scale=0.00000 | gnorm=1.883 | patience=0/30 | ep=25.5s ETA=1h05m31s
[2026-03-02 17:50:27]   [base] ep=0049/200 | lr=2.70e-04 | train=0.11621 | val=0.830628 (↓0.057416) | best=0.830628@49 | q_scale=0.00000 | gnorm=4.140 | patience=0/30 | ep=25.5s ETA=1h05m07s
[2026-03-02 17:50:53]   [base] ep=0050/200 | lr=2.68e-04 | train=0.11801 | val=0.780092 (↓0.050536) | best=0.780092@50 | q_scale=0.00000 | gnorm=3.357 | patience=0/30 | ep=26.3s ETA=1h04m39s
[2026-03-02 17:51:20]   [base] ep=0051/200 | lr=2.67e-04 | train=0.11641 | val=0.726728 (↓0.053364) | best=0.726728@51 | q_scale=0.00000 | gnorm=2.048 | patience=0/30 | ep=26.9s ETA=1h04m33s
[2026-03-02 17:51:47]   [base] ep=0052/200 | lr=2.65e-04 | train=0.11710 | val=0.673546 (↓0.053181) | best=0.673546@52 | q_scale=0.00000 | gnorm=1.472 | patience=0/30 | ep=26.3s ETA=1h04m19s
[2026-03-02 17:52:12]   [base] ep=0053/200 | lr=2.64e-04 | train=0.11078 | val=0.638354 (↓0.035192) | best=0.638354@53 | q_scale=0.00000 | gnorm=3.202 | patience=0/30 | ep=25.4s ETA=1h03m52s
[2026-03-02 17:52:38]   [base] ep=0054/200 | lr=2.62e-04 | train=0.11061 | val=0.602213 (↓0.036141) | best=0.602213@54 | q_scale=0.00000 | gnorm=1.970 | patience=0/30 | ep=25.4s ETA=1h03m00s
[2026-03-02 17:53:03]   [base] ep=0055/200 | lr=2.60e-04 | train=0.11041 | val=0.570797 (↓0.031417) | best=0.570797@55 | q_scale=0.00000 | gnorm=2.677 | patience=0/30 | ep=25.5s ETA=1h02m32s
[2026-03-02 17:53:29]   [base] ep=0056/200 | lr=2.59e-04 | train=0.10887 | val=0.539290 (↓0.031506) | best=0.539290@56 | q_scale=0.00000 | gnorm=2.343 | patience=0/30 | ep=25.5s ETA=1h01m53s
[2026-03-02 17:53:55]   [base] ep=0057/200 | lr=2.57e-04 | train=0.10832 | val=0.511104 (↓0.028187) | best=0.511104@57 | q_scale=0.00000 | gnorm=6.580 | patience=0/30 | ep=26.2s ETA=1h01m36s
[2026-03-02 17:54:21]   [base] ep=0058/200 | lr=2.55e-04 | train=0.10850 | val=0.487416 (↓0.023687) | best=0.487416@58 | q_scale=0.00000 | gnorm=2.036 | patience=0/30 | ep=26.0s ETA=1h01m18s
[2026-03-02 17:54:47]   [base] ep=0059/200 | lr=2.53e-04 | train=0.10843 | val=0.462991 (↓0.024425) | best=0.462991@59 | q_scale=0.00000 | gnorm=4.845 | patience=0/30 | ep=25.4s ETA=1h00m50s
[2026-03-02 17:55:13]   [base] ep=0060/200 | lr=2.52e-04 | train=0.10618 | val=0.442342 (↓0.020649) | best=0.442342@60 | q_scale=0.00000 | gnorm=2.932 | patience=0/30 | ep=25.5s ETA=1h00m13s
[2026-03-02 17:55:39]   [base] ep=0061/200 | lr=2.50e-04 | train=0.10437 | val=0.421432 (↓0.020910) | best=0.421432@61 | q_scale=0.00000 | gnorm=2.075 | patience=0/30 | ep=25.4s ETA=59m25s
[2026-03-02 17:56:05]   [base] ep=0062/200 | lr=2.48e-04 | train=0.10395 | val=0.403357 (↓0.018075) | best=0.403357@62 | q_scale=0.00000 | gnorm=1.241 | patience=0/30 | ep=26.1s ETA=58m56s
[2026-03-02 17:56:31]   [base] ep=0063/200 | lr=2.46e-04 | train=0.10252 | val=0.386033 (↓0.017325) | best=0.386033@63 | q_scale=0.00000 | gnorm=1.063 | patience=0/30 | ep=26.0s ETA=58m39s
[2026-03-02 17:56:57]   [base] ep=0064/200 | lr=2.44e-04 | train=0.10206 | val=0.370667 (↓0.015366) | best=0.370667@64 | q_scale=0.00000 | gnorm=3.455 | patience=0/30 | ep=25.9s ETA=58m21s
[2026-03-02 17:57:23]   [base] ep=0065/200 | lr=2.42e-04 | train=0.10202 | val=0.356803 (↓0.013864) | best=0.356803@65 | q_scale=0.00000 | gnorm=1.681 | patience=0/30 | ep=25.4s ETA=57m55s
[2026-03-02 17:57:48]   [base] ep=0066/200 | lr=2.40e-04 | train=0.10121 | val=0.343428 (↓0.013375) | best=0.343428@66 | q_scale=0.00000 | gnorm=1.376 | patience=0/30 | ep=25.5s ETA=57m29s
[2026-03-02 17:58:14]   [base] ep=0067/200 | lr=2.38e-04 | train=0.09924 | val=0.331826 (↓0.011602) | best=0.331826@67 | q_scale=0.00000 | gnorm=4.600 | patience=0/30 | ep=25.4s ETA=56m53s
[2026-03-02 17:58:39]   [base] ep=0068/200 | lr=2.36e-04 | train=0.10096 | val=0.321089 (↓0.010737) | best=0.321089@68 | q_scale=0.00000 | gnorm=3.911 | patience=0/30 | ep=25.5s ETA=56m20s
[2026-03-02 17:59:06]   [base] ep=0069/200 | lr=2.34e-04 | train=0.10164 | val=0.310598 (↓0.010491) | best=0.310598@69 | q_scale=0.00000 | gnorm=2.555 | patience=0/30 | ep=26.1s ETA=56m02s
[2026-03-02 17:59:32]   [base] ep=0070/200 | lr=2.32e-04 | train=0.10083 | val=0.300747 (↓0.009851) | best=0.300747@70 | q_scale=0.00000 | gnorm=1.796 | patience=0/30 | ep=26.1s ETA=55m45s
[2026-03-02 17:59:58]   [base] ep=0071/200 | lr=2.30e-04 | train=0.09844 | val=0.291326 (↓0.009421) | best=0.291326@71 | q_scale=0.00000 | gnorm=1.683 | patience=0/30 | ep=25.4s ETA=55m20s
[2026-03-02 18:00:24]   [base] ep=0072/200 | lr=2.28e-04 | train=0.09791 | val=0.282813 (↓0.008512) | best=0.282813@72 | q_scale=0.00000 | gnorm=15.937 | patience=0/30 | ep=26.1s ETA=54m55s
[2026-03-02 18:00:50]   [base] ep=0073/200 | lr=2.26e-04 | train=0.13991 | val=0.274840 (↓0.007973) | best=0.274840@73 | q_scale=0.00000 | gnorm=3.088 | patience=0/30 | ep=25.4s ETA=54m22s
[2026-03-02 18:01:16]   [base] ep=0074/200 | lr=2.24e-04 | train=0.09730 | val=0.267787 (↓0.007053) | best=0.267787@74 | q_scale=0.00000 | gnorm=1.658 | patience=0/30 | ep=26.3s ETA=54m00s
[2026-03-02 18:01:43]   [base] ep=0075/200 | lr=2.21e-04 | train=0.09714 | val=0.261081 (↓0.006706) | best=0.261081@75 | q_scale=0.00000 | gnorm=2.183 | patience=0/30 | ep=26.6s ETA=53m50s
[2026-03-02 18:02:08]   [base] ep=0076/200 | lr=2.19e-04 | train=0.09517 | val=0.254916 (↓0.006165) | best=0.254916@76 | q_scale=0.00000 | gnorm=4.190 | patience=0/30 | ep=25.5s ETA=53m24s
[2026-03-02 18:02:34]   [base] ep=0077/200 | lr=2.17e-04 | train=0.10341 | val=0.248998 (↓0.005918) | best=0.248998@77 | q_scale=0.00000 | gnorm=1.102 | patience=0/30 | ep=25.5s ETA=52m59s
[2026-03-02 18:02:59]   [base] ep=0078/200 | lr=2.15e-04 | train=0.09412 | val=0.243335 (↓0.005663) | best=0.243335@78 | q_scale=0.00000 | gnorm=3.251 | patience=0/30 | ep=25.4s ETA=52m33s
[2026-03-02 18:03:25]   [base] ep=0079/200 | lr=2.13e-04 | train=0.09342 | val=0.238071 (↓0.005263) | best=0.238071@79 | q_scale=0.00000 | gnorm=2.380 | patience=0/30 | ep=25.4s ETA=51m58s
[2026-03-02 18:03:51]   [base] ep=0080/200 | lr=2.10e-04 | train=0.09360 | val=0.233079 (↓0.004992) | best=0.233079@80 | q_scale=0.00000 | gnorm=2.074 | patience=0/30 | ep=25.6s ETA=51m26s
[2026-03-02 18:04:16]   [base] ep=0081/200 | lr=2.08e-04 | train=0.09377 | val=0.228411 (↓0.004669) | best=0.228411@81 | q_scale=0.00000 | gnorm=2.240 | patience=0/30 | ep=25.5s ETA=51m01s
[2026-03-02 18:04:43]   [base] ep=0082/200 | lr=2.06e-04 | train=0.09094 | val=0.223843 (↓0.004568) | best=0.223843@82 | q_scale=0.00000 | gnorm=3.684 | patience=0/30 | ep=26.7s ETA=50m42s
[2026-03-02 18:05:08]   [base] ep=0083/200 | lr=2.03e-04 | train=0.09230 | val=0.219689 (↓0.004154) | best=0.219689@83 | q_scale=0.00000 | gnorm=1.904 | patience=0/30 | ep=25.3s ETA=50m15s
[2026-03-02 18:05:34]   [base] ep=0084/200 | lr=2.01e-04 | train=0.09208 | val=0.216096 (↓0.003593) | best=0.216096@84 | q_scale=0.00000 | gnorm=4.112 | patience=0/30 | ep=25.3s ETA=49m38s
[2026-03-02 18:06:00]   [base] ep=0085/200 | lr=1.99e-04 | train=0.09041 | val=0.212367 (↓0.003729) | best=0.212367@85 | q_scale=0.00000 | gnorm=2.658 | patience=0/30 | ep=25.7s ETA=49m02s
[2026-03-02 18:06:26]   [base] ep=0086/200 | lr=1.96e-04 | train=0.08966 | val=0.209279 (↓0.003088) | best=0.209279@86 | q_scale=0.00000 | gnorm=3.025 | patience=0/30 | ep=26.7s ETA=48m50s
[2026-03-02 18:06:52]   [base] ep=0087/200 | lr=1.94e-04 | train=0.08986 | val=0.205920 (↓0.003359) | best=0.205920@87 | q_scale=0.00000 | gnorm=5.218 | patience=0/30 | ep=25.5s ETA=48m24s
[2026-03-02 18:07:19]   [base] ep=0088/200 | lr=1.92e-04 | train=0.08859 | val=0.203279 (↓0.002641) | best=0.203279@88 | q_scale=0.00000 | gnorm=3.400 | patience=0/30 | ep=26.3s ETA=48m08s
[2026-03-02 18:07:44]   [base] ep=0089/200 | lr=1.89e-04 | train=0.08775 | val=0.200146 (↓0.003133) | best=0.200146@89 | q_scale=0.00000 | gnorm=2.943 | patience=0/30 | ep=25.7s ETA=47m46s
[2026-03-02 18:08:11]   [base] ep=0090/200 | lr=1.87e-04 | train=0.08762 | val=0.197873 (↓0.002273) | best=0.197873@90 | q_scale=0.00000 | gnorm=1.385 | patience=0/30 | ep=26.0s ETA=47m25s
[2026-03-02 18:08:36]   [base] ep=0091/200 | lr=1.84e-04 | train=0.08798 | val=0.195372 (↓0.002501) | best=0.195372@91 | q_scale=0.00000 | gnorm=1.024 | patience=0/30 | ep=25.5s ETA=46m59s
[2026-03-02 18:09:02]   [base] ep=0092/200 | lr=1.82e-04 | train=0.08754 | val=0.193078 (↓0.002294) | best=0.193078@92 | q_scale=0.00000 | gnorm=1.120 | patience=0/30 | ep=25.4s ETA=46m19s
[2026-03-02 18:09:27]   [base] ep=0093/200 | lr=1.80e-04 | train=0.08669 | val=0.191072 (↓0.002006) | best=0.191072@93 | q_scale=0.00000 | gnorm=2.595 | patience=0/30 | ep=25.5s ETA=45m55s
[2026-03-02 18:09:53]   [base] ep=0094/200 | lr=1.77e-04 | train=0.08630 | val=0.189722 (↓0.001350) | best=0.189722@94 | q_scale=0.00000 | gnorm=2.533 | patience=0/30 | ep=25.5s ETA=45m31s
[2026-03-02 18:10:18]   [base] ep=0095/200 | lr=1.75e-04 | train=0.08772 | val=0.188911 (↓0.000812) | best=0.188911@95 | q_scale=0.00000 | gnorm=0.939 | patience=0/30 | ep=25.4s ETA=45m03s
[2026-03-02 18:10:44]   [base] ep=0096/200 | lr=1.72e-04 | train=0.08493 | val=0.187379 (↓0.001531) | best=0.187379@96 | q_scale=0.00000 | gnorm=3.191 | patience=0/30 | ep=26.0s ETA=44m29s
[2026-03-02 18:11:11]   [base] ep=0097/200 | lr=1.70e-04 | train=0.08513 | val=0.185853 (↓0.001526) | best=0.185853@97 | q_scale=0.00000 | gnorm=3.833 | patience=0/30 | ep=26.3s ETA=44m11s
[2026-03-02 18:11:37]   [base] ep=0098/200 | lr=1.67e-04 | train=0.08448 | val=0.184666 (↓0.001187) | best=0.184666@98 | q_scale=0.00000 | gnorm=2.622 | patience=0/30 | ep=25.5s ETA=43m38s
[2026-03-02 18:12:02]   [base] ep=0099/200 | lr=1.65e-04 | train=0.08449 | val=0.183119 (↓0.001547) | best=0.183119@99 | q_scale=0.00000 | gnorm=3.723 | patience=0/30 | ep=25.9s ETA=43m14s
[2026-03-02 18:12:28]   [base] ep=0100/200 | lr=1.62e-04 | train=0.08361 | val=0.181678 (↓0.001441) | best=0.181678@100 | q_scale=0.00000 | gnorm=2.588 | patience=0/30 | ep=25.4s ETA=42m42s
[2026-03-02 18:12:54]   [base] ep=0101/200 | lr=1.60e-04 | train=0.08296 | val=0.181249 (↓0.000429) | best=0.181249@101 | q_scale=0.00000 | gnorm=1.778 | patience=0/30 | ep=25.4s ETA=42m15s
[2026-03-02 18:13:20]   [base] ep=0102/200 | lr=1.57e-04 | train=0.08257 | val=0.180748 (↓0.000501) | best=0.180748@102 | q_scale=0.00000 | gnorm=1.323 | patience=0/30 | ep=26.2s ETA=41m58s
[2026-03-02 18:13:46]   [base] ep=0103/200 | lr=1.55e-04 | train=0.08291 | val=0.179557 (↓0.001191) | best=0.179557@103 | q_scale=0.00000 | gnorm=10.550 | patience=0/30 | ep=25.5s ETA=41m32s
[2026-03-02 18:14:12]   [base] ep=0104/200 | lr=1.52e-04 | train=0.08271 | val=0.178533 (↓0.001024) | best=0.178533@104 | q_scale=0.00000 | gnorm=2.313 | patience=0/30 | ep=26.0s ETA=41m11s
[2026-03-02 18:14:37]   [base] ep=0105/200 | lr=1.50e-04 | train=0.08289 | val=0.177838 (↓0.000695) | best=0.177838@105 | q_scale=0.00000 | gnorm=2.413 | patience=0/30 | ep=25.5s ETA=40m46s
[2026-03-02 18:15:03]   [base] ep=0106/200 | lr=1.48e-04 | train=0.08228 | val=0.177502 (↓0.000336) | best=0.177502@106 | q_scale=0.00000 | gnorm=1.852 | patience=0/30 | ep=25.5s ETA=40m16s
[2026-03-02 18:15:29]   [base] ep=0107/200 | lr=1.45e-04 | train=0.08142 | val=0.176197 (↓0.001306) | best=0.176197@107 | q_scale=0.00000 | gnorm=1.684 | patience=0/30 | ep=25.5s ETA=39m42s
[2026-03-02 18:15:54]   [base] ep=0108/200 | lr=1.43e-04 | train=0.08082 | val=0.176116 (↓0.000080) | best=0.176116@108 | q_scale=0.00000 | gnorm=1.366 | patience=0/30 | ep=25.4s ETA=39m15s
[2026-03-02 18:16:21]   [base] ep=0109/200 | lr=1.40e-04 | train=0.08039 | val=0.175289 (↓0.000828) | best=0.175289@109 | q_scale=0.00000 | gnorm=0.966 | patience=0/30 | ep=26.3s ETA=38m54s
[2026-03-02 18:16:47]   [base] ep=0110/200 | lr=1.38e-04 | train=0.07994 | val=0.174614 (↓0.000675) | best=0.174614@110 | q_scale=0.00000 | gnorm=3.785 | patience=0/30 | ep=25.9s ETA=38m33s
[2026-03-02 18:17:12]   [base] ep=0111/200 | lr=1.35e-04 | train=0.07898 | val=0.174051 (↓0.000563) | best=0.174051@111 | q_scale=0.00000 | gnorm=1.314 | patience=0/30 | ep=25.4s ETA=38m07s
[2026-03-02 18:17:38]   [base] ep=0112/200 | lr=1.33e-04 | train=0.07899 | val=0.173619 (↓0.000432) | best=0.173619@112 | q_scale=0.00000 | gnorm=1.330 | patience=0/30 | ep=25.3s ETA=37m34s
[2026-03-02 18:18:04]   [base] ep=0113/200 | lr=1.30e-04 | train=0.07916 | val=0.172508 (↓0.001111) | best=0.172508@113 | q_scale=0.00000 | gnorm=2.285 | patience=0/30 | ep=25.7s ETA=37m10s
[2026-03-02 18:18:29]   [base] ep=0114/200 | lr=1.28e-04 | train=0.07826 | val=0.172113 (↓0.000395) | best=0.172113@114 | q_scale=0.00000 | gnorm=1.260 | patience=0/30 | ep=25.5s ETA=36m40s
[2026-03-02 18:18:56]   [base] ep=0115/200 | lr=1.25e-04 | train=0.07808 | val=0.171779 (↓0.000334) | best=0.171779@115 | q_scale=0.00000 | gnorm=3.468 | patience=0/30 | ep=26.1s ETA=36m20s
[2026-03-02 18:19:21]   [base] ep=0116/200 | lr=1.23e-04 | train=0.07764 | val=0.171111 (↓0.000667) | best=0.171111@116 | q_scale=0.00000 | gnorm=1.819 | patience=0/30 | ep=25.5s ETA=35m54s
[2026-03-02 18:19:48]   [base] ep=0117/200 | lr=1.20e-04 | train=0.07795 | val=0.169768 (↓0.001344) | best=0.169768@117 | q_scale=0.00000 | gnorm=2.374 | patience=0/30 | ep=26.4s ETA=35m36s
[2026-03-02 18:20:13]   [base] ep=0118/200 | lr=1.18e-04 | train=0.07688 | val=0.169175 (↓0.000592) | best=0.169175@118 | q_scale=0.00000 | gnorm=2.058 | patience=0/30 | ep=25.4s ETA=35m10s
[2026-03-02 18:21:04]   [base] ep=0120/200 | lr=1.13e-04 | train=0.07643 | val=0.168651 (↓0.000525) | best=0.168651@120 | q_scale=0.00000 | gnorm=1.583 | patience=0/30 | ep=25.4s ETA=34m07s
[2026-03-02 18:21:30]   [base] ep=0121/200 | lr=1.11e-04 | train=0.07711 | val=0.167718 (↓0.000933) | best=0.167718@121 | q_scale=0.00000 | gnorm=1.486 | patience=0/30 | ep=25.7s ETA=33m44s
[2026-03-02 18:21:56]   [base] ep=0122/200 | lr=1.08e-04 | train=0.07581 | val=0.167542 (↓0.000176) | best=0.167542@122 | q_scale=0.00000 | gnorm=1.856 | patience=0/30 | ep=26.1s ETA=33m24s
[2026-03-02 18:22:22]   [base] ep=0123/200 | lr=1.06e-04 | train=0.07583 | val=0.166896 (↓0.000646) | best=0.166896@123 | q_scale=0.00000 | gnorm=1.708 | patience=0/30 | ep=25.4s ETA=32m56s
[2026-03-02 18:22:47]   [base] ep=0124/200 | lr=1.04e-04 | train=0.07488 | val=0.166397 (↓0.000499) | best=0.166397@124 | q_scale=0.00000 | gnorm=1.902 | patience=0/30 | ep=25.3s ETA=32m29s
[2026-03-02 18:23:13]   [base] ep=0125/200 | lr=1.01e-04 | train=0.07510 | val=0.166040 (↓0.000357) | best=0.166040@125 | q_scale=0.00000 | gnorm=1.402 | patience=0/30 | ep=26.0s ETA=32m03s
[2026-03-02 18:24:04]   [base] ep=0127/200 | lr=9.66e-05 | train=0.07407 | val=0.165975 (↓0.000065) | best=0.165975@127 | q_scale=0.00000 | gnorm=1.684 | patience=0/30 | ep=25.8s ETA=31m07s
[2026-03-02 18:24:30]   [base] ep=0128/200 | lr=9.43e-05 | train=0.07393 | val=0.164496 (↓0.001478) | best=0.164496@128 | q_scale=0.00000 | gnorm=0.870 | patience=0/30 | ep=25.4s ETA=30m41s
[2026-03-02 18:25:22]   [base] ep=0130/200 | lr=8.97e-05 | train=0.07313 | val=0.163873 (↓0.000623) | best=0.163873@130 | q_scale=0.00000 | gnorm=1.632 | patience=0/30 | ep=26.1s ETA=29m55s
[2026-03-02 18:25:48]   [base] ep=0131/200 | lr=8.75e-05 | train=0.07295 | val=0.163248 (↓0.000625) | best=0.163248@131 | q_scale=0.00000 | gnorm=1.009 | patience=0/30 | ep=26.0s ETA=29m32s
[2026-03-02 18:26:13]   [base] ep=0132/200 | lr=8.52e-05 | train=0.07328 | val=0.162322 (↓0.000927) | best=0.162322@132 | q_scale=0.00000 | gnorm=1.473 | patience=0/30 | ep=25.4s ETA=29m02s
[2026-03-02 18:26:39]   [base] ep=0133/200 | lr=8.30e-05 | train=0.07240 | val=0.162281 (↓0.000041) | best=0.162281@133 | q_scale=0.00000 | gnorm=1.395 | patience=0/30 | ep=25.7s ETA=28m39s
[2026-03-02 18:27:05]   [base] ep=0134/200 | lr=8.08e-05 | train=0.07245 | val=0.161822 (↓0.000459) | best=0.161822@134 | q_scale=0.00000 | gnorm=2.721 | patience=0/30 | ep=25.4s ETA=28m13s
[2026-03-02 18:27:30]   [base] ep=0135/200 | lr=7.86e-05 | train=0.07198 | val=0.161570 (↓0.000252) | best=0.161570@135 | q_scale=0.00000 | gnorm=3.843 | patience=0/30 | ep=25.5s ETA=27m44s
[2026-03-02 18:27:56]   [base] ep=0136/200 | lr=7.64e-05 | train=0.07189 | val=0.160416 (↓0.001155) | best=0.160416@136 | q_scale=0.00000 | gnorm=1.488 | patience=0/30 | ep=25.5s ETA=27m20s
[2026-03-02 18:28:23]   [base] ep=0137/200 | lr=7.43e-05 | train=0.07142 | val=0.160228 (↓0.000187) | best=0.160228@137 | q_scale=0.00000 | gnorm=1.477 | patience=0/30 | ep=26.6s ETA=26m59s
[2026-03-02 18:28:49]   [base] ep=0138/200 | lr=7.22e-05 | train=0.07085 | val=0.160071 (↓0.000157) | best=0.160071@138 | q_scale=0.00000 | gnorm=2.399 | patience=0/30 | ep=25.5s ETA=26m34s
[2026-03-02 18:29:14]   [base] ep=0139/200 | lr=7.00e-05 | train=0.07073 | val=0.158576 (↓0.001495) | best=0.158576@139 | q_scale=0.00000 | gnorm=1.368 | patience=0/30 | ep=25.5s ETA=26m09s
[2026-03-02 18:29:40]   [base] ep=0140/200 | lr=6.80e-05 | train=0.07073 | val=0.158324 (↓0.000252) | best=0.158324@140 | q_scale=0.00000 | gnorm=1.784 | patience=0/30 | ep=25.4s ETA=25m39s
[2026-03-02 18:30:06]   [base] ep=0141/200 | lr=6.59e-05 | train=0.07103 | val=0.157674 (↓0.000651) | best=0.157674@141 | q_scale=0.00000 | gnorm=2.128 | patience=0/30 | ep=25.6s ETA=25m11s
[2026-03-02 18:30:31]   [base] ep=0142/200 | lr=6.39e-05 | train=0.06996 | val=0.156787 (↓0.000887) | best=0.156787@142 | q_scale=0.00000 | gnorm=1.681 | patience=0/30 | ep=25.4s ETA=24m45s
[2026-03-02 18:30:57]   [base] ep=0143/200 | lr=6.18e-05 | train=0.07022 | val=0.156320 (↓0.000467) | best=0.156320@143 | q_scale=0.00000 | gnorm=2.288 | patience=0/30 | ep=25.4s ETA=24m18s
[2026-03-02 18:31:23]   [base] ep=0144/200 | lr=5.98e-05 | train=0.06968 | val=0.154818 (↓0.001502) | best=0.154818@144 | q_scale=0.00000 | gnorm=1.806 | patience=0/30 | ep=26.0s ETA=23m56s
[2026-03-02 18:31:48]   [base] ep=0145/200 | lr=5.79e-05 | train=0.06981 | val=0.155489 | best=0.154818@144 | q_scale=0.00000 | gnorm=2.629 | patience=1/30 | ep=25.6s ETA=23m31s
[2026-03-02 18:32:14]   [base] ep=0146/200 | lr=5.59e-05 | train=0.06952 | val=0.154474 (↓0.000344) | best=0.154474@146 | q_scale=0.00000 | gnorm=1.868 | patience=0/30 | ep=25.3s ETA=23m04s
[2026-03-02 18:32:39]   [base] ep=0147/200 | lr=5.40e-05 | train=0.06908 | val=0.153079 (↓0.001395) | best=0.153079@147 | q_scale=0.00000 | gnorm=1.472 | patience=0/30 | ep=25.4s ETA=22m32s
[2026-03-02 18:33:05]   [base] ep=0148/200 | lr=5.21e-05 | train=0.06874 | val=0.152296 (↓0.000783) | best=0.152296@148 | q_scale=0.00000 | gnorm=1.468 | patience=0/30 | ep=26.0s ETA=22m09s
[2026-03-02 18:33:57]   [base] ep=0150/200 | lr=4.84e-05 | train=0.06848 | val=0.151382 (↓0.000914) | best=0.151382@150 | q_scale=0.00000 | gnorm=1.771 | patience=0/30 | ep=26.1s ETA=21m22s
[2026-03-02 18:34:23]   [base] ep=0151/200 | lr=4.66e-05 | train=0.06841 | val=0.150463 (↓0.000919) | best=0.150463@151 | q_scale=0.00000 | gnorm=1.868 | patience=0/30 | ep=25.4s ETA=20m55s
[2026-03-02 18:34:48]   [base] ep=0152/200 | lr=4.48e-05 | train=0.06774 | val=0.149653 (↓0.000810) | best=0.149653@152 | q_scale=0.00000 | gnorm=2.458 | patience=0/30 | ep=25.5s ETA=20m29s
[2026-03-02 18:35:39]   [base] ep=0154/200 | lr=4.13e-05 | train=0.06728 | val=0.149305 (↓0.000348) | best=0.149305@154 | q_scale=0.00000 | gnorm=1.752 | patience=0/30 | ep=25.5s ETA=19m35s
[2026-03-02 18:36:06]   [base] ep=0155/200 | lr=3.96e-05 | train=0.06705 | val=0.148267 (↓0.001037) | best=0.148267@155 | q_scale=0.00000 | gnorm=2.040 | patience=0/30 | ep=26.4s ETA=19m13s
[2026-03-02 18:36:32]   [base] ep=0156/200 | lr=3.80e-05 | train=0.06754 | val=0.147637 (↓0.000630) | best=0.147637@156 | q_scale=0.00000 | gnorm=0.999 | patience=0/30 | ep=26.1s ETA=18m51s
[2026-03-02 18:36:58]   [base] ep=0157/200 | lr=3.63e-05 | train=0.06724 | val=0.146350 (↓0.001287) | best=0.146350@157 | q_scale=0.00000 | gnorm=2.219 | patience=0/30 | ep=25.7s ETA=18m26s
[2026-03-02 18:37:23]   [base] ep=0158/200 | lr=3.47e-05 | train=0.06686 | val=0.145521 (↓0.000829) | best=0.145521@158 | q_scale=0.00000 | gnorm=3.114 | patience=0/30 | ep=25.4s ETA=17m58s
[2026-03-02 18:37:49]   [base] ep=0159/200 | lr=3.32e-05 | train=0.06657 | val=0.145136 (↓0.000385) | best=0.145136@159 | q_scale=0.00000 | gnorm=1.692 | patience=0/30 | ep=25.4s ETA=17m32s
[2026-03-02 18:38:15]   [base] ep=0160/200 | lr=3.16e-05 | train=0.06657 | val=0.144402 (↓0.000734) | best=0.144402@160 | q_scale=0.00000 | gnorm=2.708 | patience=0/30 | ep=25.5s ETA=17m04s
[2026-03-02 18:38:40]   [base] ep=0161/200 | lr=3.01e-05 | train=0.06661 | val=0.143648 (↓0.000754) | best=0.143648@161 | q_scale=0.00000 | gnorm=2.544 | patience=0/30 | ep=25.4s ETA=16m39s
[2026-03-02 18:39:07]   [base] ep=0162/200 | lr=2.86e-05 | train=0.06589 | val=0.142649 (↓0.001000) | best=0.142649@162 | q_scale=0.00000 | gnorm=2.498 | patience=0/30 | ep=26.5s ETA=16m17s
[2026-03-02 18:39:33]   [base] ep=0163/200 | lr=2.72e-05 | train=0.06550 | val=0.141992 (↓0.000657) | best=0.141992@163 | q_scale=0.00000 | gnorm=2.105 | patience=0/30 | ep=25.6s ETA=15m52s
[2026-03-02 18:39:58]   [base] ep=0164/200 | lr=2.58e-05 | train=0.06579 | val=0.141183 (↓0.000808) | best=0.141183@164 | q_scale=0.00000 | gnorm=2.385 | patience=0/30 | ep=25.5s ETA=15m26s
[2026-03-02 18:40:24]   [base] ep=0165/200 | lr=2.44e-05 | train=0.06566 | val=0.140412 (↓0.000772) | best=0.140412@165 | q_scale=0.00000 | gnorm=1.421 | patience=0/30 | ep=25.6s ETA=14m58s
[2026-03-02 18:40:49]   [base] ep=0166/200 | lr=2.31e-05 | train=0.06533 | val=0.139653 (↓0.000759) | best=0.139653@166 | q_scale=0.00000 | gnorm=2.483 | patience=0/30 | ep=25.5s ETA=14m30s
[2026-03-02 18:41:15]   [base] ep=0167/200 | lr=2.18e-05 | train=0.06527 | val=0.138809 (↓0.000844) | best=0.138809@167 | q_scale=0.00000 | gnorm=1.130 | patience=0/30 | ep=25.5s ETA=14m04s
[2026-03-02 18:41:42]   [base] ep=0168/200 | lr=2.05e-05 | train=0.06532 | val=0.138007 (↓0.000802) | best=0.138007@168 | q_scale=0.00000 | gnorm=3.059 | patience=0/30 | ep=26.7s ETA=13m42s
[2026-03-02 18:42:08]   [base] ep=0169/200 | lr=1.93e-05 | train=0.06468 | val=0.137422 (↓0.000585) | best=0.137422@169 | q_scale=0.00000 | gnorm=1.604 | patience=0/30 | ep=25.8s ETA=13m18s
[2026-03-02 18:42:33]   [base] ep=0170/200 | lr=1.81e-05 | train=0.06441 | val=0.137944 | best=0.137422@169 | q_scale=0.00000 | gnorm=1.235 | patience=1/30 | ep=25.5s ETA=12m52s
[2026-03-02 18:42:59]   [base] ep=0171/200 | lr=1.69e-05 | train=0.06456 | val=0.137093 (↓0.000329) | best=0.137093@171 | q_scale=0.00000 | gnorm=2.184 | patience=0/30 | ep=25.5s ETA=12m27s
[2026-03-02 18:43:25]   [base] ep=0172/200 | lr=1.58e-05 | train=0.06444 | val=0.136405 (↓0.000688) | best=0.136405@172 | q_scale=0.00000 | gnorm=1.304 | patience=0/30 | ep=25.5s ETA=11m58s
[2026-03-02 18:43:51]   [base] ep=0173/200 | lr=1.47e-05 | train=0.06439 | val=0.134718 (↓0.001687) | best=0.134718@173 | q_scale=0.00000 | gnorm=0.941 | patience=0/30 | ep=26.1s ETA=11m34s
[2026-03-02 18:44:17]   [base] ep=0174/200 | lr=1.36e-05 | train=0.06412 | val=0.134294 (↓0.000424) | best=0.134294@174 | q_scale=0.00000 | gnorm=1.260 | patience=0/30 | ep=26.1s ETA=11m10s
[2026-03-02 18:44:43]   [base] ep=0175/200 | lr=1.26e-05 | train=0.06408 | val=0.133759 (↓0.000535) | best=0.133759@175 | q_scale=0.00000 | gnorm=1.314 | patience=0/30 | ep=25.5s ETA=10m44s
[2026-03-02 18:45:08]   [base] ep=0176/200 | lr=1.17e-05 | train=0.06388 | val=0.132923 (↓0.000837) | best=0.132923@176 | q_scale=0.00000 | gnorm=1.562 | patience=0/30 | ep=25.4s ETA=10m18s
[2026-03-02 18:45:34]   [base] ep=0177/200 | lr=1.07e-05 | train=0.06398 | val=0.132683 (↓0.000239) | best=0.132683@177 | q_scale=0.00000 | gnorm=2.491 | patience=0/30 | ep=25.5s ETA=9m52s
[2026-03-02 18:45:59]   [base] ep=0178/200 | lr=9.82e-06 | train=0.06396 | val=0.132466 (↓0.000217) | best=0.132466@178 | q_scale=0.00000 | gnorm=2.557 | patience=0/30 | ep=25.4s ETA=9m24s
[2026-03-02 18:46:26]   [base] ep=0179/200 | lr=8.95e-06 | train=0.06364 | val=0.132169 (↓0.000296) | best=0.132169@179 | q_scale=0.00000 | gnorm=1.920 | patience=0/30 | ep=26.0s ETA=8m58s
[2026-03-02 18:46:51]   [base] ep=0180/200 | lr=8.13e-06 | train=0.06381 | val=0.131784 (↓0.000385) | best=0.131784@180 | q_scale=0.00000 | gnorm=1.915 | patience=0/30 | ep=25.5s ETA=8m33s
[2026-03-02 18:47:18]   [base] ep=0181/200 | lr=7.34e-06 | train=0.06361 | val=0.131061 (↓0.000723) | best=0.131061@181 | q_scale=0.00000 | gnorm=1.489 | patience=0/30 | ep=26.4s ETA=8m09s
[2026-03-02 18:47:44]   [base] ep=0182/200 | lr=6.59e-06 | train=0.06380 | val=0.130744 (↓0.000317) | best=0.130744@182 | q_scale=0.00000 | gnorm=2.150 | patience=0/30 | ep=25.7s ETA=7m44s
[2026-03-02 18:48:09]   [base] ep=0183/200 | lr=5.89e-06 | train=0.06367 | val=0.130246 (↓0.000498) | best=0.130246@183 | q_scale=0.00000 | gnorm=1.835 | patience=0/30 | ep=25.5s ETA=7m17s
[2026-03-02 18:48:35]   [base] ep=0184/200 | lr=5.22e-06 | train=0.06303 | val=0.129094 (↓0.001152) | best=0.129094@184 | q_scale=0.00000 | gnorm=0.757 | patience=0/30 | ep=25.5s ETA=6m50s
[2026-03-02 18:49:01]   [base] ep=0185/200 | lr=4.59e-06 | train=0.06291 | val=0.128213 (↓0.000881) | best=0.128213@185 | q_scale=0.00000 | gnorm=2.618 | patience=0/30 | ep=26.1s ETA=6m25s
[2026-03-02 18:49:27]   [base] ep=0186/200 | lr=4.00e-06 | train=0.06287 | val=0.128107 (↓0.000106) | best=0.128107@186 | q_scale=0.00000 | gnorm=1.492 | patience=0/30 | ep=25.5s ETA=6m00s
[2026-03-02 18:49:53]   [base] ep=0187/200 | lr=3.45e-06 | train=0.06316 | val=0.127797 (↓0.000309) | best=0.127797@187 | q_scale=0.00000 | gnorm=1.345 | patience=0/30 | ep=26.1s ETA=5m35s
[2026-03-02 18:50:19]   [base] ep=0188/200 | lr=2.94e-06 | train=0.06290 | val=0.127109 (↓0.000688) | best=0.127109@188 | q_scale=0.00000 | gnorm=1.554 | patience=0/30 | ep=25.5s ETA=5m09s
[2026-03-02 18:50:44]   [base] ep=0189/200 | lr=2.47e-06 | train=0.06279 | val=0.125769 (↓0.001340) | best=0.125769@189 | q_scale=0.00000 | gnorm=0.902 | patience=0/30 | ep=25.4s ETA=4m43s
[2026-03-02 18:51:10]   [base] ep=0190/200 | lr=2.05e-06 | train=0.06298 | val=0.125431 (↓0.000339) | best=0.125431@190 | q_scale=0.00000 | gnorm=1.445 | patience=0/30 | ep=25.5s ETA=4m17s
[2026-03-02 18:51:35]   [base] ep=0191/200 | lr=1.66e-06 | train=0.06307 | val=0.125162 (↓0.000268) | best=0.125162@191 | q_scale=0.00000 | gnorm=1.462 | patience=0/30 | ep=25.5s ETA=3m50s
[2026-03-02 18:52:02]   [base] ep=0192/200 | lr=1.31e-06 | train=0.06351 | val=0.124762 (↓0.000400) | best=0.124762@192 | q_scale=0.00000 | gnorm=1.644 | patience=0/30 | ep=26.1s ETA=3m25s
[2026-03-02 18:52:28]   [base] ep=0193/200 | lr=1.00e-06 | train=0.06272 | val=0.123647 (↓0.001115) | best=0.123647@193 | q_scale=0.00000 | gnorm=1.644 | patience=0/30 | ep=26.4s ETA=3m00s
[2026-03-02 18:52:54]   [base] ep=0194/200 | lr=7.38e-07 | train=0.06339 | val=0.123325 (↓0.000322) | best=0.123325@194 | q_scale=0.00000 | gnorm=1.152 | patience=0/30 | ep=25.4s ETA=2m34s
[2026-03-02 18:53:19]   [base] ep=0195/200 | lr=5.12e-07 | train=0.06280 | val=0.122941 (↓0.000384) | best=0.122941@195 | q_scale=0.00000 | gnorm=2.774 | patience=0/30 | ep=25.4s ETA=2m08s
[2026-03-02 18:53:45]   [base] ep=0196/200 | lr=3.28e-07 | train=0.06289 | val=0.121435 (↓0.001506) | best=0.121435@196 | q_scale=0.00000 | gnorm=1.092 | patience=0/30 | ep=25.7s ETA=1m42s
[2026-03-02 18:54:11]   [base] ep=0197/200 | lr=1.85e-07 | train=0.06291 | val=0.121182 (↓0.000253) | best=0.121182@197 | q_scale=0.00000 | gnorm=2.348 | patience=0/30 | ep=25.5s ETA=1m16s
[2026-03-02 18:54:36]   [base] ep=0198/200 | lr=8.20e-08 | train=0.06308 | val=0.121034 (↓0.000148) | best=0.121034@198 | q_scale=0.00000 | gnorm=1.146 | patience=0/30 | ep=25.5s ETA=51s
[2026-03-02 18:55:03]   [base] ep=0199/200 | lr=2.05e-08 | train=0.06301 | val=0.119766 (↓0.001268) | best=0.119766@199 | q_scale=0.00000 | gnorm=1.754 | patience=0/30 | ep=26.7s ETA=25s
[2026-03-02 18:55:29]   [base] ep=0200/200 | lr=0.00e+00 | train=0.06323 | val=0.119662 (↓0.000104) | best=0.119662@200 | q_scale=0.00000 | gnorm=1.131 | patience=0/30 | ep=25.5s ETA=0s
[2026-03-02 18:55:29] --------------------------------------------------------------------------------
[2026-03-02 18:55:29]   [base] COMPLETE in 1h26m21s
[2026-03-02 18:55:29]   [base] Best val MAE : 0.119662 @ epoch 200
[2026-03-02 18:55:29]   [base] Final q_scale: 0.000000
[2026-03-02 18:55:29]   [base] Avg epoch time: 25.8s
[2026-03-02 18:55:29]   GPU mem: 0.11GB alloc / 21.93GB reserved
[2026-03-02 18:55:29] --------------------------------------------------------------------------------
[2026-03-02 18:55:29]   [base] best_val=0.119662 | q_scale=0.0000
[2026-03-02 18:55:29] ================================================================================
[2026-03-02 18:55:29]   STAGE TRANSITION: base → quantum
[2026-03-02 18:55:29] ================================================================================
[2026-03-02 18:55:29]   freeze_base_during_quantum=True
[2026-03-02 18:55:30] ================================================================================
[2026-03-02 18:55:30]   STAGE: QUANTUM
[2026-03-02 18:55:30]   Trainable params : 5,502
[2026-03-02 18:55:30]   Epochs / Patience: 60 / 20
[2026-03-02 18:55:30]   LR / WD          : 3.00e-04 / 1.00e-05
[2026-03-02 18:55:30]   Scheduler        : cosine (warmup=10)
[2026-03-02 18:55:30]   Loss             : l1
[2026-03-02 18:55:30]   EMA              : True (decay=0.9999)
[2026-03-02 18:55:30]   GPU mem: 0.07GB alloc / 21.93GB reserved
[2026-03-02 18:55:30] ================================================================================
[2026-03-02 18:56:10]   [quantum] ep=0001/60 | lr=5.70e-05 | train=0.06272 | val=0.058784 | best=0.058784@1 | q_scale=-0.00008 | gnorm=1.131 | patience=0/20 | ep=39.8s ETA=39m08s
[2026-03-02 18:56:50]   [quantum] ep=0002/60 | lr=8.40e-05 | train=0.06253 | val=0.058746 (↓0.000038) | best=0.058746@2 | q_scale=0.00052 | gnorm=1.131 | patience=0/20 | ep=39.8s ETA=38m27s
[2026-03-02 18:57:30]   [quantum] ep=0003/60 | lr=1.11e-04 | train=0.06270 | val=0.058784 | best=0.058746@2 | q_scale=0.00010 | gnorm=1.131 | patience=1/20 | ep=39.7s ETA=37m46s
[2026-03-02 18:58:12]   [quantum] ep=0004/60 | lr=1.38e-04 | train=0.06232 | val=0.058767 | best=0.058746@2 | q_scale=0.00034 | gnorm=1.131 | patience=2/20 | ep=42.6s ETA=37m46s
[2026-03-02 18:58:52]   [quantum] ep=0005/60 | lr=1.65e-04 | train=0.06271 | val=0.058755 | best=0.058746@2 | q_scale=0.00070 | gnorm=1.131 | patience=3/20 | ep=39.8s ETA=36m59s
[2026-03-02 18:59:33]   [quantum] ep=0006/60 | lr=1.92e-04 | train=0.06256 | val=0.058772 | best=0.058746@2 | q_scale=0.00120 | gnorm=1.131 | patience=4/20 | ep=40.5s ETA=36m20s
[2026-03-02 19:00:14]   [quantum] ep=0007/60 | lr=2.19e-04 | train=0.06238 | val=0.058783 | best=0.058746@2 | q_scale=-0.00021 | gnorm=1.131 | patience=5/20 | ep=41.2s ETA=35m46s
[2026-03-02 19:00:57]   [quantum] ep=0008/60 | lr=2.46e-04 | train=0.06230 | val=0.058731 (↓0.000015) | best=0.058731@8 | q_scale=0.00088 | gnorm=1.131 | patience=0/20 | ep=42.8s ETA=35m21s
[2026-03-02 19:01:40]   [quantum] ep=0009/60 | lr=2.73e-04 | train=0.06264 | val=0.058786 | best=0.058731@8 | q_scale=0.00367 | gnorm=1.131 | patience=1/20 | ep=43.3s ETA=34m54s
[2026-03-02 19:02:22]   [quantum] ep=0010/60 | lr=3.00e-04 | train=0.06270 | val=0.058770 | best=0.058731@8 | q_scale=0.00238 | gnorm=1.131 | patience=2/20 | ep=41.5s ETA=34m16s
[2026-03-02 19:05:52]   [quantum] ep=0015/60 | lr=2.93e-04 | train=0.06228 | val=0.058765 | best=0.058731@8 | q_scale=0.00222 | gnorm=1.131 | patience=7/20 | ep=41.0s ETA=31m28s
[2026-03-02 19:09:17]   [WARN] q contribution only 0.011% — quantum head may be stuck
[2026-03-02 19:09:17]   [quantum] ep=0020/60 | lr=2.71e-04 | train=0.06219 | val=0.058754 | best=0.058731@8 | q_scale=0.00216 | gnorm=1.131 | patience=12/20 | ep=41.9s ETA=27m39s
[2026-03-02 19:12:41]   [quantum] ep=0025/60 | lr=2.38e-04 | train=0.06249 | val=0.058782 | best=0.058731@8 | q_scale=0.00563 | gnorm=1.131 | patience=17/20 | ep=43.4s ETA=23m49s
[2026-03-02 19:14:50]   [quantum] Early stop @ ep=28
[2026-03-02 19:14:50]   [quantum] Best val=0.058731 @ epoch 8
[2026-03-02 19:14:50] --------------------------------------------------------------------------------
[2026-03-02 19:14:50]   [quantum] COMPLETE in 19m20s
[2026-03-02 19:14:50]   [quantum] Best val MAE : 0.058731 @ epoch 8
[2026-03-02 19:14:50]   [quantum] Final q_scale: 0.002740
[2026-03-02 19:14:50]   [quantum] Avg epoch time: 41.4s
[2026-03-02 19:14:50]   GPU mem: 0.07GB alloc / 21.93GB reserved
[2026-03-02 19:14:50] --------------------------------------------------------------------------------
[2026-03-02 19:14:50]   [quantum] best_val=0.058731 | improvement over base: 0.060930 (50.92%)
[2026-03-02 19:14:50]   [quantum] q_scale=0.002740
[2026-03-02 19:14:50] ================================================================================
[2026-03-02 19:14:50]   STAGE TRANSITION: quantum → finetune
[2026-03-02 19:14:50] ================================================================================
[2026-03-02 19:14:50]   unfreeze_last_block_finetune=True
[2026-03-02 19:14:51] ================================================================================
[2026-03-02 19:14:51]   STAGE: FINETUNE
[2026-03-02 19:14:51]   Trainable params : 1,452,927
[2026-03-02 19:14:51]   Epochs / Patience: 30 / 15
[2026-03-02 19:14:51]   LR / WD          : 5.00e-05 / 1.00e-05
[2026-03-02 19:14:51]   Scheduler        : cosine (warmup=10)
[2026-03-02 19:14:51]   Loss             : l1
[2026-03-02 19:14:51]   EMA              : True (decay=0.9999)
[2026-03-02 19:14:51]   GPU mem: 0.07GB alloc / 21.93GB reserved
[2026-03-02 19:14:51] ================================================================================
[2026-03-02 19:15:38]   [finetune] ep=0001/30 | lr=9.50e-06 | train=0.06283 | val=0.058761 | best=0.058761@1 | q_scale=0.00288 | gnorm=1.468 | patience=0/15 | ep=46.4s ETA=22m25s
[2026-03-02 19:16:21]   [finetune] ep=0002/30 | lr=1.40e-05 | train=0.06270 | val=0.058834 | best=0.058761@1 | q_scale=0.00315 | gnorm=0.825 | patience=1/15 | ep=43.1s ETA=20m52s
[2026-03-02 19:17:04]   [finetune] ep=0003/30 | lr=1.85e-05 | train=0.06251 | val=0.058798 | best=0.058761@1 | q_scale=0.00354 | gnorm=0.790 | patience=2/15 | ep=42.6s ETA=19m48s
[2026-03-02 19:17:48]   [finetune] ep=0004/30 | lr=2.30e-05 | train=0.06327 | val=0.058658 (↓0.000103) | best=0.058658@4 | q_scale=0.00409 | gnorm=1.506 | patience=0/15 | ep=44.4s ETA=19m07s
[2026-03-02 19:18:32]   [finetune] ep=0005/30 | lr=2.75e-05 | train=0.06303 | val=0.058600 (↓0.000057) | best=0.058600@5 | q_scale=0.00466 | gnorm=2.097 | patience=0/15 | ep=43.2s ETA=18m18s
[2026-03-02 19:19:14]   [finetune] ep=0006/30 | lr=3.20e-05 | train=0.06313 | val=0.058669 | best=0.058600@5 | q_scale=0.00536 | gnorm=0.923 | patience=1/15 | ep=42.1s ETA=17m27s
[2026-03-02 19:19:59]   [finetune] ep=0007/30 | lr=3.65e-05 | train=0.06361 | val=0.058707 | best=0.058600@5 | q_scale=0.00611 | gnorm=1.505 | patience=2/15 | ep=44.6s ETA=16m46s
[2026-03-02 19:20:44]   [finetune] ep=0008/30 | lr=4.10e-05 | train=0.06381 | val=0.058631 | best=0.058600@5 | q_scale=0.00693 | gnorm=0.617 | patience=3/15 | ep=45.6s ETA=16m08s
[2026-03-02 19:21:29]   [finetune] ep=0009/30 | lr=4.55e-05 | train=0.06401 | val=0.058607 | best=0.058600@5 | q_scale=0.00778 | gnorm=2.017 | patience=4/15 | ep=44.9s ETA=15m26s
[2026-03-02 19:22:14]   [finetune] ep=0010/30 | lr=5.00e-05 | train=0.06321 | val=0.058587 (↓0.000013) | best=0.058587@10 | q_scale=0.00870 | gnorm=1.496 | patience=0/15 | ep=44.3s ETA=14m42s
[2026-03-02 19:22:57]   [finetune] ep=0011/30 | lr=4.97e-05 | train=0.06348 | val=0.058536 (↓0.000051) | best=0.058536@11 | q_scale=0.00974 | gnorm=1.194 | patience=0/15 | ep=43.1s ETA=13m52s
[2026-03-02 19:23:40]   [finetune] ep=0012/30 | lr=4.88e-05 | train=0.06307 | val=0.058483 (↓0.000053) | best=0.058483@12 | q_scale=0.01078 | gnorm=1.288 | patience=0/15 | ep=42.3s ETA=13m07s
[2026-03-02 19:25:50]   [finetune] ep=0015/30 | lr=4.27e-05 | train=0.06339 | val=0.058876 | best=0.058483@12 | q_scale=0.01372 | gnorm=1.454 | patience=3/15 | ep=43.8s ETA=10m55s
[2026-03-02 19:29:43]   [finetune] ep=0020/30 | lr=2.50e-05 | train=0.06277 | val=0.059044 | best=0.058483@12 | q_scale=0.01734 | gnorm=2.519 | patience=8/15 | ep=45.7s ETA=7m28s
[2026-03-02 19:33:31]   [finetune] ep=0025/30 | lr=7.32e-06 | train=0.06245 | val=0.059102 | best=0.058483@12 | q_scale=0.01932 | gnorm=0.556 | patience=13/15 | ep=45.3s ETA=3m50s
[2026-03-02 19:35:04]   [finetune] Early stop @ ep=27
[2026-03-02 19:35:04]   [finetune] Best val=0.058483 @ epoch 12
[2026-03-02 19:35:04] --------------------------------------------------------------------------------
[2026-03-02 19:35:04]   [finetune] COMPLETE in 20m12s
[2026-03-02 19:35:04]   [finetune] Best val MAE : 0.058483 @ epoch 12
[2026-03-02 19:35:04]   [finetune] Final q_scale: 0.019634
[2026-03-02 19:35:04]   [finetune] Avg epoch time: 44.8s
[2026-03-02 19:35:04]   GPU mem: 0.08GB alloc / 21.93GB reserved
[2026-03-02 19:35:04] --------------------------------------------------------------------------------
[2026-03-02 19:35:04]   [finetune] best_val=0.058483 | improvement over quantum: 0.000248
[2026-03-02 19:35:04]   [finetune] q_scale=0.019634
[2026-03-02 19:35:12] ================================================================================
[2026-03-02 19:35:12]   FINAL RESULTS
[2026-03-02 19:35:12] ================================================================================
[2026-03-02 19:35:12]   Tag      : t0_qv8_h256_L4_p4_Lq2_z+zz_split0_train0
[2026-03-02 19:35:12]   Val  MAE : 0.062935
[2026-03-02 19:35:12]   Test MAE : 0.062763
[2026-03-02 19:35:12]   q_scale  : 0.010776
[2026-03-02 19:35:12]   Best epoch (overall): 12
[2026-03-02 19:35:12]   Stage MAEs — base: 0.119662 | quantum: 0.058731 | finetune: 0.058483
[2026-03-02 19:35:12]   Total quantum+finetune gain: 0.056727 (47.41% over base)
[2026-03-02 19:35:12]   Ckpt : runs_qgine_v9/target0/qgine_v10_full_seed020260302_172805/split0/train0/best_t0_qv8_h256_L4_p4_Lq2_z+zz_split0_train0.pt
[2026-03-02 19:35:12]   Log  : runs_qgine_v9/target0/qgine_v10_full_seed020260302_172805/split0/train0/log_t0_qv8_h256_L4_p4_Lq2_z+zz_split0_train0.csv
[2026-03-02 19:35:12]   Qdiag: runs_qgine_v9/target0/qgine_v10_full_seed020260302_172805/split0/train0/qdiag_t0_qv8_h256_L4_p4_Lq2_z+zz_split0_train0.csv
[2026-03-02 19:35:12] ================================================================================
[2026-03-02 19:35:14] ================================================================================
[2026-03-02 19:35:14]   ALL RUNS COMPLETE
[2026-03-02 19:35:14] ================================================================================
[2026-03-02 19:35:14]   BEST: t0_qv8_h256_L4_p4_Lq2_z+zz_split0_train0
[2026-03-02 19:35:14]   val=0.062935 | test=0.062763 | q_scale=0.010776
[2026-03-02 19:35:14]   summary: runs_qgine_v9/target0/qgine_v10_full_seed020260302_172805/split0/train0/summary.csv
